Log file open, 01/13/22 11:15:02
LogWindows: Failed to load 'aqProf.dll' (GetLastError=126)
LogWindows: File 'aqProf.dll' does not exist
LogWindows: Failed to load 'VtuneApi.dll' (GetLastError=126)
LogWindows: File 'VtuneApi.dll' does not exist
LogWindows: Failed to load 'VtuneApi32e.dll' (GetLastError=126)
LogWindows: File 'VtuneApi32e.dll' does not exist
LogConsoleResponse: Display: Failed to find resolution value strings in scalability ini. Falling back to default.
LogConsoleResponse: Display: Failed to find resolution value strings in scalability ini. Falling back to default.
LogInit: Display: Running engine for game: EasySurvivalRPGv3
LogPlatformFile: Not using cached read wrapper
LogTaskGraph: Started task graph with 5 named threads and 47 total threads with 3 sets of task threads.
LogStats: Stats thread started at 0.218131
LogICUInternationalization: ICU TimeZone Detection - Raw Offset: -7:00, Platform Override: ''
LogInit: Display: Loading text-based GConfig....
LogPluginManager: Mounting plugin MeshPainting
LogPluginManager: Mounting plugin XGEController
LogPluginManager: Mounting plugin Paper2D
LogPluginManager: Mounting plugin AISupport
LogPluginManager: Mounting plugin EnvironmentQueryEditor
LogPluginManager: Mounting plugin LiveLink
LogPluginManager: Mounting plugin CameraShakePreviewer
LogPluginManager: Mounting plugin LightPropagationVolume
LogPluginManager: Mounting plugin GameplayCameras
LogPluginManager: Mounting plugin AnimationSharing
LogPluginManager: Mounting plugin CodeLiteSourceCodeAccess
LogPluginManager: Mounting plugin GitSourceControl
LogPluginManager: Mounting plugin KDevelopSourceCodeAccess
LogPluginManager: Mounting plugin CLionSourceCodeAccess
LogPluginManager: Mounting plugin PerforceSourceControl
LogPluginManager: Mounting plugin PixWinPlugin
LogPluginManager: Mounting plugin PropertyAccessNode
LogPluginManager: Mounting plugin NullSourceCodeAccess
LogPluginManager: Mounting plugin PluginUtils
LogPluginManager: Mounting plugin PlasticSourceControl
LogPluginManager: Mounting plugin RiderSourceCodeAccess
LogPluginManager: Mounting plugin SubversionSourceControl
LogPluginManager: Mounting plugin OodleData
LogPluginManager: Mounting plugin UObjectPlugin
LogPluginManager: Mounting plugin XCodeSourceCodeAccess
LogPluginManager: Mounting plugin VisualStudioSourceCodeAccess
LogPluginManager: Mounting plugin VisualStudioCodeSourceCodeAccess
LogPluginManager: Mounting plugin TextureFormatOodle
LogPluginManager: Mounting plugin DatasmithContent
LogPluginManager: Mounting plugin AssetManagerEditor
LogPluginManager: Mounting plugin CryptoKeys
LogPluginManager: Mounting plugin VariantManagerContent
LogPluginManager: Mounting plugin CurveEditorTools
LogPluginManager: Mounting plugin DataValidation
LogPluginManager: Mounting plugin FacialAnimation
LogPluginManager: Mounting plugin GameplayTagsEditor
LogPluginManager: Mounting plugin GeometryMode
LogPluginManager: Mounting plugin MacGraphicsSwitching
LogPluginManager: Mounting plugin MobileLauncherProfileWizard
LogPluginManager: Mounting plugin MaterialAnalyzer
LogPluginManager: Mounting plugin SpeedTreeImporter
LogPluginManager: Mounting plugin PluginBrowser
LogPluginManager: Mounting plugin Niagara
LogPluginManager: Mounting plugin MagicLeap
LogPluginManager: Mounting plugin MagicLeapLightEstimation
LogPluginManager: Mounting plugin MagicLeapMedia
LogPluginManager: Mounting plugin LuminPlatformFeatures
LogPluginManager: Mounting plugin MLSDK
LogPluginManager: Mounting plugin MagicLeapPassableWorld
LogPluginManager: Mounting plugin AndroidMedia
LogPluginManager: Mounting plugin AvfMedia
LogPluginManager: Mounting plugin ImgMedia
LogPluginManager: Mounting plugin AlembicImporter
LogPluginManager: Mounting plugin AutomationUtils
LogPluginManager: Mounting plugin BackChannel
LogPluginManager: Mounting plugin MediaCompositing
LogPluginManager: Mounting plugin ChaosCloth
LogPluginManager: Mounting plugin ChaosEditor
LogPluginManager: Mounting plugin WebMMedia
LogPluginManager: Mounting plugin MediaPlayerEditor
LogPluginManager: Mounting plugin ChaosClothEditor
LogPluginManager: Mounting plugin ChaosNiagara
LogPluginManager: Mounting plugin WmfMedia
LogPluginManager: Mounting plugin ChaosSolverPlugin
LogPluginManager: Mounting plugin CharacterAI
LogPluginManager: Mounting plugin GeometryCache
LogPluginManager: Mounting plugin GeometryCollectionPlugin
LogPluginManager: Mounting plugin TcpMessaging
LogPluginManager: Mounting plugin UdpMessaging
LogPluginManager: Mounting plugin GeometryProcessing
LogPluginManager: Mounting plugin MotoSynth
LogPluginManager: Mounting plugin OpenImageDenoise
LogPluginManager: Mounting plugin PlanarCut
LogPluginManager: Mounting plugin ProxyLODPlugin
LogPluginManager: Mounting plugin PlatformCrypto
LogPluginManager: Mounting plugin PythonScriptPlugin
LogPluginManager: Mounting plugin SkeletalReduction
LogPluginManager: Mounting plugin ActorSequence
LogPluginManager: Mounting plugin MatineeToLevelSequence
LogPluginManager: Mounting plugin LevelSequenceEditor
LogPluginManager: Mounting plugin TemplateSequence
LogPluginManager: Mounting plugin OnlineSubsystem
LogPluginManager: Mounting plugin OnlineSubsystemNull
LogPluginManager: Mounting plugin OnlineSubsystemSteam
LogPluginManager: Mounting plugin OnlineSubsystemUtils
LogPluginManager: Mounting plugin LauncherChunkInstaller
LogPluginManager: Mounting plugin ActorLayerUtilities
LogPluginManager: Mounting plugin AndroidPermission
LogPluginManager: Mounting plugin AndroidMoviePlayer
LogPluginManager: Mounting plugin AndroidDeviceProfileSelector
LogPluginManager: Mounting plugin AppleImageUtils
LogPluginManager: Mounting plugin AppleMoviePlayer
LogPluginManager: Mounting plugin ApexDestruction
LogPluginManager: Mounting plugin AssetTags
LogPluginManager: Mounting plugin ArchVisCharacter
LogPluginManager: Mounting plugin AudioCapture
LogPluginManager: Mounting plugin CableComponent
LogPluginManager: Mounting plugin AudioSynesthesia
LogPluginManager: Mounting plugin ChunkDownloader
LogPluginManager: Mounting plugin CustomMeshComponent
LogPluginManager: Mounting plugin EditableMesh
LogPluginManager: Mounting plugin ExampleDeviceProfileSelector
LogPluginManager: Mounting plugin GoogleCloudMessaging
LogPluginManager: Mounting plugin GooglePAD
LogPluginManager: Mounting plugin ScreenshotTools
LogPluginManager: Mounting plugin IOSDeviceProfileSelector
LogPluginManager: Mounting plugin LinuxDeviceProfileSelector
LogPluginManager: Mounting plugin MobilePatchingUtils
LogPluginManager: Mounting plugin LocationServicesBPLibrary
LogPluginManager: Mounting plugin OpenXR
LogPluginManager: Mounting plugin OpenXREyeTracker
LogPluginManager: Mounting plugin OpenXRHandTracking
LogPluginManager: Mounting plugin PhysXVehicles
LogPluginManager: Mounting plugin PostSplashScreen
LogPluginManager: Mounting plugin ProceduralMeshComponent
LogPluginManager: Mounting plugin PropertyAccessEditor
LogPluginManager: Mounting plugin RuntimePhysXCooking
LogPluginManager: Mounting plugin SignificanceManager
LogPluginManager: Mounting plugin SoundFields
LogPluginManager: Mounting plugin Synthesis
LogPluginManager: Mounting plugin WebMMoviePlayer
LogPluginManager: Mounting plugin WindowsMoviePlayer
LogPluginManager: Mounting plugin Takes
LogPluginManager: Mounting plugin OodleNetwork
LogPluginManager: Mounting plugin ContentBrowserFileDataSource
LogPluginManager: Mounting plugin ContentBrowserClassDataSource
LogPluginManager: Mounting plugin ContentBrowserAssetDataSource
LogPluginManager: Mounting plugin OnlineSubsystemIOS
LogPluginManager: Mounting plugin OnlineSubsystemGooglePlay
LogPluginManager: Mounting plugin SteamShared
LogPluginManager: Mounting plugin SteamVR
LogPluginManager: Mounting plugin OculusVR
PixWinPlugin: PIX capture plugin failed to initialize! Check that the process is launched from PIX.
LogInit: Using libcurl 7.55.1-DEV
LogInit:  - built for x86_64-pc-win32
LogInit:  - supports SSL with OpenSSL/1.1.1
LogInit:  - supports HTTP deflate (compression) using libz 1.2.8
LogInit:  - other features:
LogInit:      CURL_VERSION_SSL
LogInit:      CURL_VERSION_LIBZ
LogInit:      CURL_VERSION_IPV6
LogInit:      CURL_VERSION_ASYNCHDNS
LogInit:      CURL_VERSION_LARGEFILE
LogInit:      CURL_VERSION_IDN
LogInit:  CurlRequestOptions (configurable via config and command line):
LogInit:  - bVerifyPeer = true  - Libcurl will verify peer certificate
LogInit:  - bUseHttpProxy = false  - Libcurl will NOT use HTTP proxy
LogInit:  - bDontReuseConnections = false  - Libcurl will reuse connections
LogInit:  - MaxHostConnections = 16  - Libcurl will limit the number of connections to a host
LogInit:  - LocalHostAddr = Default
LogInit:  - BufferSize = 65536
LogSteamShared: Display: Loading Steam SDK 1.51
LogSteamShared: Steam SDK Loaded!
LogOnline: OSS: Creating online subsystem instance for: Steam
LogOnline: Display: STEAM: OnlineSubsystemSteam::Shutdown()
LogOnline: OSS: Unable to create OnlineSubsystem module Steam
LogOnline: OSS: Creating online subsystem instance for: NULL
LogInit: WinSock: version 1.1 (2.2), MaxSocks=32767, MaxUdp=65467
LogOnline: OSS: TryLoadSubsystemAndSetDefault: Loaded subsystem for module [NULL]
LogOculusPluginWrapper: OculusPlugin initialized successfully
LogHMD: Failed initializing OVRPlugin 1.59.0
LogInit: Build: ++UE4+Release-4.27-CL-18319896
LogInit: Engine Version: 4.27.2-18319896+++UE4+Release-4.27
LogInit: Compatible Engine Version: 4.27.0-17155196+++UE4+Release-4.27
LogInit: Net CL: 17155196
LogInit: OS: Windows 10 (Release 2009) (), CPU: Intel(R) Core(TM) i9-9900K CPU @ 3.60GHz, GPU: NVIDIA GeForce RTX 2080
LogInit: Compiled (64-bit): Nov 30 2021 07:12:08
LogInit: Compiled with Visual C++: 19.24.28315.00
LogInit: Build Configuration: Development
LogInit: Branch Name: ++UE4+Release-4.27
LogInit: Command Line: 
LogInit: Base Directory: C:/Program Files/Epic Games/UE_4.27/Engine/Binaries/Win64/
LogInit: Allocator: TBB
LogInit: Installed Engine Build: 1
LogDevObjectVersion: Number of dev versions registered: 29
LogDevObjectVersion:   Dev-Blueprints (B0D832E4-1F89-4F0D-ACCF-7EB736FD4AA2): 10
LogDevObjectVersion:   Dev-Build (E1C64328-A22C-4D53-A36C-8E866417BD8C): 0
LogDevObjectVersion:   Dev-Core (375EC13C-06E4-48FB-B500-84F0262A717E): 4
LogDevObjectVersion:   Dev-Editor (E4B068ED-F494-42E9-A231-DA0B2E46BB41): 40
LogDevObjectVersion:   Dev-Framework (CFFC743F-43B0-4480-9391-14DF171D2073): 37
LogDevObjectVersion:   Dev-Mobile (B02B49B5-BB20-44E9-A304-32B752E40360): 3
LogDevObjectVersion:   Dev-Networking (A4E4105C-59A1-49B5-A7C5-40C4547EDFEE): 0
LogDevObjectVersion:   Dev-Online (39C831C9-5AE6-47DC-9A44-9C173E1C8E7C): 0
LogDevObjectVersion:   Dev-Physics (78F01B33-EBEA-4F98-B9B4-84EACCB95AA2): 14
LogDevObjectVersion:   Dev-Platform (6631380F-2D4D-43E0-8009-CF276956A95A): 0
LogDevObjectVersion:   Dev-Rendering (12F88B9F-8875-4AFC-A67C-D90C383ABD29): 45
LogDevObjectVersion:   Dev-Sequencer (7B5AE74C-D270-4C10-A958-57980B212A5A): 13
LogDevObjectVersion:   Dev-VR (D7296918-1DD6-4BDD-9DE2-64A83CC13884): 3
LogDevObjectVersion:   Dev-LoadTimes (C2A15278-BFE7-4AFE-6C17-90FF531DF755): 1
LogDevObjectVersion:   Private-Geometry (6EACA3D4-40EC-4CC1-B786-8BED09428FC5): 3
LogDevObjectVersion:   Dev-AnimPhys (29E575DD-E0A3-4627-9D10-D276232CDCEA): 17
LogDevObjectVersion:   Dev-Anim (AF43A65D-7FD3-4947-9873-3E8ED9C1BB05): 15
LogDevObjectVersion:   Dev-ReflectionCapture (6B266CEC-1EC7-4B8F-A30B-E4D90942FC07): 1
LogDevObjectVersion:   Dev-Automation (0DF73D61-A23F-47EA-B727-89E90C41499A): 1
LogDevObjectVersion:   FortniteMain (601D1886-AC64-4F84-AA16-D3DE0DEAC7D6): 47
LogDevObjectVersion:   FortniteRelease (E7086368-6B23-4C58-8439-1B7016265E91): 1
LogDevObjectVersion:   Dev-Enterprise (9DFFBCD6-494F-0158-E221-12823C92A888): 10
LogDevObjectVersion:   Dev-Niagara (F2AED0AC-9AFE-416F-8664-AA7FFA26D6FC): 1
LogDevObjectVersion:   Dev-Destruction (174F1F0B-B4C6-45A5-B13F-2EE8D0FB917D): 10
LogDevObjectVersion:   Dev-Physics-Ext (35F94A83-E258-406C-A318-09F59610247C): 41
LogDevObjectVersion:   Dev-PhysicsMaterial-Chaos (B68FC16E-8B1B-42E2-B453-215C058844FE): 1
LogDevObjectVersion:   Dev-CineCamera (B2E18506-4273-CFC2-A54E-F4BB758BBA07): 1
LogDevObjectVersion:   Dev-VirtualProduction (64F58936-FD1B-42BA-BA96-7289D5D0FA4E): 1
LogDevObjectVersion:   Dev-MediaFramework (6F0ED827-A609-4895-9C91-998D90180EA4): 2
LogInit: Presizing for max 25165824 objects, including 0 objects not considered by GC, pre-allocating 0 bytes for permanent pool.
LogConfig: Applying CVar settings from Section [/Script/Engine.StreamingSettings] File [C:/Users/Owner/Documents/Unreal Projects/EasySurvivalRPGv3/Saved/Config/Windows/Engine.ini]
LogConfig: Setting CVar [[s.MinBulkDataSizeForAsyncLoading:131072]]
LogConfig: Setting CVar [[s.AsyncLoadingThreadEnabled:0]]
LogConfig: Setting CVar [[s.EventDrivenLoaderEnabled:1]]
LogConfig: Setting CVar [[s.WarnIfTimeLimitExceeded:0]]
LogConfig: Setting CVar [[s.TimeLimitExceededMultiplier:1.5]]
LogConfig: Setting CVar [[s.TimeLimitExceededMinTime:0.005]]
LogConfig: Setting CVar [[s.UseBackgroundLevelStreaming:1]]
LogConfig: Setting CVar [[s.PriorityAsyncLoadingExtraTime:15.0]]
LogConfig: Setting CVar [[s.LevelStreamingActorsUpdateTimeLimit:5.0]]
LogConfig: Setting CVar [[s.PriorityLevelStreamingActorsUpdateExtraTime:5.0]]
LogConfig: Setting CVar [[s.LevelStreamingComponentsRegistrationGranularity:10]]
LogConfig: Setting CVar [[s.UnregisterComponentsTimeLimit:1.0]]
LogConfig: Setting CVar [[s.LevelStreamingComponentsUnregistrationGranularity:5]]
LogConfig: Setting CVar [[s.FlushStreamingOnExit:1]]
LogInit: Object subsystem initialized
LogConfig: Setting CVar [[con.DebugEarlyDefault:1]]
LogConfig: Setting CVar [[r.setres:1280x720]]
[2022.01.13-18.15.02:921][  0]LogConfig: Setting CVar [[r.VSync:0]]
[2022.01.13-18.15.02:921][  0]LogConfig: Setting CVar [[r.RHICmdBypass:0]]
[2022.01.13-18.15.02:921][  0]LogConfig: Applying CVar settings from Section [/Script/Engine.RendererSettings] File [C:/Users/Owner/Documents/Unreal Projects/EasySurvivalRPGv3/Saved/Config/Windows/Engine.ini]
[2022.01.13-18.15.02:921][  0]LogConfig: Setting CVar [[r.GPUCrashDebugging:0]]
[2022.01.13-18.15.02:921][  0]LogConfig: Setting CVar [[r.EarlyZPassOnlyMaterialMasking:1]]
[2022.01.13-18.15.02:921][  0]LogConfig: Setting CVar [[r.AllowGlobalClipPlane:0]]
[2022.01.13-18.15.02:921][  0]LogConfig: Applying CVar settings from Section [/Script/Engine.RendererOverrideSettings] File [C:/Users/Owner/Documents/Unreal Projects/EasySurvivalRPGv3/Saved/Config/Windows/Engine.ini]
[2022.01.13-18.15.02:921][  0]LogConfig: Applying CVar settings from Section [/Script/Engine.StreamingSettings] File [C:/Users/Owner/Documents/Unreal Projects/EasySurvivalRPGv3/Saved/Config/Windows/Engine.ini]
[2022.01.13-18.15.02:921][  0]LogConfig: Setting CVar [[s.MinBulkDataSizeForAsyncLoading:131072]]
[2022.01.13-18.15.02:921][  0]LogConfig: Setting CVar [[s.AsyncLoadingThreadEnabled:0]]
[2022.01.13-18.15.02:921][  0]LogConfig: Setting CVar [[s.EventDrivenLoaderEnabled:1]]
[2022.01.13-18.15.02:921][  0]LogConfig: Setting CVar [[s.WarnIfTimeLimitExceeded:0]]
[2022.01.13-18.15.02:921][  0]LogConfig: Setting CVar [[s.TimeLimitExceededMultiplier:1.5]]
[2022.01.13-18.15.02:921][  0]LogConfig: Setting CVar [[s.TimeLimitExceededMinTime:0.005]]
[2022.01.13-18.15.02:921][  0]LogConfig: Setting CVar [[s.UseBackgroundLevelStreaming:1]]
[2022.01.13-18.15.02:921][  0]LogConfig: Setting CVar [[s.PriorityAsyncLoadingExtraTime:15.0]]
[2022.01.13-18.15.02:921][  0]LogConfig: Setting CVar [[s.LevelStreamingActorsUpdateTimeLimit:5.0]]
[2022.01.13-18.15.02:921][  0]LogConfig: Setting CVar [[s.PriorityLevelStreamingActorsUpdateExtraTime:5.0]]
[2022.01.13-18.15.02:921][  0]LogConfig: Setting CVar [[s.LevelStreamingComponentsRegistrationGranularity:10]]
[2022.01.13-18.15.02:921][  0]LogConfig: Setting CVar [[s.UnregisterComponentsTimeLimit:1.0]]
[2022.01.13-18.15.02:921][  0]LogConfig: Setting CVar [[s.LevelStreamingComponentsUnregistrationGranularity:5]]
[2022.01.13-18.15.02:921][  0]LogConfig: Setting CVar [[s.FlushStreamingOnExit:1]]
[2022.01.13-18.15.02:921][  0]LogConfig: Applying CVar settings from Section [/Script/Engine.GarbageCollectionSettings] File [C:/Users/Owner/Documents/Unreal Projects/EasySurvivalRPGv3/Saved/Config/Windows/Engine.ini]
[2022.01.13-18.15.02:921][  0]LogConfig: Setting CVar [[gc.MaxObjectsNotConsideredByGC:1]]
[2022.01.13-18.15.02:921][  0]LogConfig: Setting CVar [[gc.SizeOfPermanentObjectPool:0]]
[2022.01.13-18.15.02:921][  0]LogConfig: Setting CVar [[gc.FlushStreamingOnGC:0]]
[2022.01.13-18.15.02:921][  0]LogConfig: Setting CVar [[gc.NumRetriesBeforeForcingGC:10]]
[2022.01.13-18.15.02:921][  0]LogConfig: Setting CVar [[gc.AllowParallelGC:1]]
[2022.01.13-18.15.02:921][  0]LogConfig: Setting CVar [[gc.TimeBetweenPurgingPendingKillObjects:61.1]]
[2022.01.13-18.15.02:921][  0]LogConfig: Setting CVar [[gc.MaxObjectsInEditor:25165824]]
[2022.01.13-18.15.02:921][  0]LogConfig: Setting CVar [[gc.IncrementalBeginDestroyEnabled:1]]
[2022.01.13-18.15.02:921][  0]LogConfig: Setting CVar [[gc.CreateGCClusters:1]]
[2022.01.13-18.15.02:921][  0]LogConfig: Setting CVar [[gc.MinGCClusterSize:5]]
[2022.01.13-18.15.02:921][  0]LogConfig: Setting CVar [[gc.ActorClusteringEnabled:0]]
[2022.01.13-18.15.02:921][  0]LogConfig: Setting CVar [[gc.BlueprintClusteringEnabled:0]]
[2022.01.13-18.15.02:921][  0]LogConfig: Setting CVar [[gc.UseDisregardForGCOnDedicatedServers:0]]
[2022.01.13-18.15.02:921][  0]LogConfig: Setting CVar [[gc.MultithreadedDestructionEnabled:1]]
[2022.01.13-18.15.02:921][  0]LogConfig: Applying CVar settings from Section [/Script/Engine.NetworkSettings] File [C:/Users/Owner/Documents/Unreal Projects/EasySurvivalRPGv3/Saved/Config/Windows/Engine.ini]
[2022.01.13-18.15.02:921][  0]LogConfig: Applying CVar settings from Section [/Script/UnrealEd.CookerSettings] File [C:/Users/Owner/Documents/Unreal Projects/EasySurvivalRPGv3/Saved/Config/Windows/Engine.ini]
[2022.01.13-18.15.02:928][  0]LogConfig: Applying CVar settings from Section [ViewDistanceQuality@3] File [C:/Users/Owner/Documents/Unreal Projects/EasySurvivalRPGv3/Saved/Config/Windows/Scalability.ini]
[2022.01.13-18.15.02:928][  0]LogConfig: Setting CVar [[r.SkeletalMeshLODBias:0]]
[2022.01.13-18.15.02:928][  0]LogConfig: Setting CVar [[r.ViewDistanceScale:1.0]]
[2022.01.13-18.15.02:928][  0]LogConfig: Applying CVar settings from Section [AntiAliasingQuality@3] File [C:/Users/Owner/Documents/Unreal Projects/EasySurvivalRPGv3/Saved/Config/Windows/Scalability.ini]
[2022.01.13-18.15.02:928][  0]LogConfig: Setting CVar [[r.PostProcessAAQuality:4]]
[2022.01.13-18.15.02:928][  0]LogConfig: Applying CVar settings from Section [ShadowQuality@3] File [C:/Users/Owner/Documents/Unreal Projects/EasySurvivalRPGv3/Saved/Config/Windows/Scalability.ini]
[2022.01.13-18.15.02:928][  0]LogConfig: Setting CVar [[r.LightFunctionQuality:1]]
[2022.01.13-18.15.02:928][  0]LogConfig: Setting CVar [[r.ShadowQuality:5]]
[2022.01.13-18.15.02:928][  0]LogConfig: Setting CVar [[r.Shadow.CSM.MaxCascades:10]]
[2022.01.13-18.15.02:928][  0]LogConfig: Setting CVar [[r.Shadow.MaxResolution:2048]]
[2022.01.13-18.15.02:928][  0]LogConfig: Setting CVar [[r.Shadow.MaxCSMResolution:2048]]
[2022.01.13-18.15.02:928][  0]LogConfig: Setting CVar [[r.Shadow.RadiusThreshold:0.01]]
[2022.01.13-18.15.02:928][  0]LogConfig: Setting CVar [[r.Shadow.DistanceScale:1.0]]
[2022.01.13-18.15.02:928][  0]LogConfig: Setting CVar [[r.Shadow.CSM.TransitionScale:1.0]]
[2022.01.13-18.15.02:928][  0]LogConfig: Setting CVar [[r.Shadow.PreShadowResolutionFactor:1.0]]
[2022.01.13-18.15.02:928][  0]LogConfig: Setting CVar [[r.DistanceFieldShadowing:1]]
[2022.01.13-18.15.02:928][  0]LogConfig: Setting CVar [[r.DistanceFieldAO:1]]
[2022.01.13-18.15.02:928][  0]LogConfig: Setting CVar [[r.AOQuality:2]]
[2022.01.13-18.15.02:928][  0]LogConfig: Setting CVar [[r.VolumetricFog:1]]
[2022.01.13-18.15.02:928][  0]LogConfig: Setting CVar [[r.VolumetricFog.GridPixelSize:8]]
[2022.01.13-18.15.02:928][  0]LogConfig: Setting CVar [[r.VolumetricFog.GridSizeZ:128]]
[2022.01.13-18.15.02:928][  0]LogConfig: Setting CVar [[r.VolumetricFog.HistoryMissSupersampleCount:4]]
[2022.01.13-18.15.02:928][  0]LogConfig: Setting CVar [[r.LightMaxDrawDistanceScale:1]]
[2022.01.13-18.15.02:928][  0]LogConfig: Setting CVar [[r.CapsuleShadows:1]]
[2022.01.13-18.15.02:928][  0]LogConfig: Applying CVar settings from Section [PostProcessQuality@3] File [C:/Users/Owner/Documents/Unreal Projects/EasySurvivalRPGv3/Saved/Config/Windows/Scalability.ini]
[2022.01.13-18.15.02:928][  0]LogConfig: Setting CVar [[r.MotionBlurQuality:4]]
[2022.01.13-18.15.02:928][  0]LogConfig: Setting CVar [[r.AmbientOcclusionMipLevelFactor:0.4]]
[2022.01.13-18.15.02:928][  0]LogConfig: Setting CVar [[r.AmbientOcclusionMaxQuality:100]]
[2022.01.13-18.15.02:928][  0]LogConfig: Setting CVar [[r.AmbientOcclusionLevels:-1]]
[2022.01.13-18.15.02:928][  0]LogConfig: Setting CVar [[r.AmbientOcclusionRadiusScale:1.0]]
[2022.01.13-18.15.02:928][  0]LogConfig: Setting CVar [[r.DepthOfFieldQuality:2]]
[2022.01.13-18.15.02:928][  0]LogConfig: Setting CVar [[r.RenderTargetPoolMin:400]]
[2022.01.13-18.15.02:928][  0]LogConfig: Setting CVar [[r.LensFlareQuality:2]]
[2022.01.13-18.15.02:928][  0]LogConfig: Setting CVar [[r.SceneColorFringeQuality:1]]
[2022.01.13-18.15.02:928][  0]LogConfig: Setting CVar [[r.EyeAdaptationQuality:2]]
[2022.01.13-18.15.02:928][  0]LogConfig: Setting CVar [[r.BloomQuality:5]]
[2022.01.13-18.15.02:928][  0]LogConfig: Setting CVar [[r.FastBlurThreshold:100]]
[2022.01.13-18.15.02:928][  0]LogConfig: Setting CVar [[r.Upscale.Quality:3]]
[2022.01.13-18.15.02:928][  0]LogConfig: Setting CVar [[r.Tonemapper.GrainQuantization:1]]
[2022.01.13-18.15.02:928][  0]LogConfig: Setting CVar [[r.LightShaftQuality:1]]
[2022.01.13-18.15.02:928][  0]LogConfig: Setting CVar [[r.Filter.SizeScale:1]]
[2022.01.13-18.15.02:928][  0]LogConfig: Setting CVar [[r.Tonemapper.Quality:5]]
[2022.01.13-18.15.02:928][  0]LogConfig: Setting CVar [[r.DOF.Gather.AccumulatorQuality:1        ; higher gathering accumulator quality]]
[2022.01.13-18.15.02:928][  0]LogConfig: Setting CVar [[r.DOF.Gather.PostfilterMethod:1          ; Median3x3 postfilering method]]
[2022.01.13-18.15.02:928][  0]LogConfig: Setting CVar [[r.DOF.Gather.EnableBokehSettings:0       ; no bokeh simulation when gathering]]
[2022.01.13-18.15.02:928][  0]LogConfig: Setting CVar [[r.DOF.Gather.RingCount:4                 ; medium number of samples when gathering]]
[2022.01.13-18.15.02:928][  0]LogConfig: Setting CVar [[r.DOF.Scatter.ForegroundCompositing:1    ; additive foreground scattering]]
[2022.01.13-18.15.02:928][  0]LogConfig: Setting CVar [[r.DOF.Scatter.BackgroundCompositing:2    ; additive background scattering]]
[2022.01.13-18.15.02:928][  0]LogConfig: Setting CVar [[r.DOF.Scatter.EnableBokehSettings:1      ; bokeh simulation when scattering]]
[2022.01.13-18.15.02:928][  0]LogConfig: Setting CVar [[r.DOF.Scatter.MaxSpriteRatio:0.1         ; only a maximum of 10% of scattered bokeh]]
[2022.01.13-18.15.02:928][  0]LogConfig: Setting CVar [[r.DOF.Recombine.Quality:1                ; cheap slight out of focus]]
[2022.01.13-18.15.02:928][  0]LogConfig: Setting CVar [[r.DOF.Recombine.EnableBokehSettings:0    ; no bokeh simulation on slight out of focus]]
[2022.01.13-18.15.02:928][  0]LogConfig: Setting CVar [[r.DOF.TemporalAAQuality:1                ; more stable temporal accumulation]]
[2022.01.13-18.15.02:928][  0]LogConfig: Setting CVar [[r.DOF.Kernel.MaxForegroundRadius:0.025]]
[2022.01.13-18.15.02:928][  0]LogConfig: Setting CVar [[r.DOF.Kernel.MaxBackgroundRadius:0.025]]
[2022.01.13-18.15.02:928][  0]LogConfig: Applying CVar settings from Section [TextureQuality@3] File [C:/Users/Owner/Documents/Unreal Projects/EasySurvivalRPGv3/Saved/Config/Windows/Scalability.ini]
[2022.01.13-18.15.02:928][  0]LogConfig: Setting CVar [[r.Streaming.MipBias:0]]
[2022.01.13-18.15.02:928][  0]LogConfig: Setting CVar [[r.Streaming.AmortizeCPUToGPUCopy:0]]
[2022.01.13-18.15.02:928][  0]LogConfig: Setting CVar [[r.Streaming.MaxNumTexturesToStreamPerFrame:0]]
[2022.01.13-18.15.02:928][  0]LogConfig: Setting CVar [[r.Streaming.Boost:1]]
[2022.01.13-18.15.02:928][  0]LogConfig: Setting CVar [[r.MaxAnisotropy:8]]
[2022.01.13-18.15.02:928][  0]LogConfig: Setting CVar [[r.VT.MaxAnisotropy:8]]
[2022.01.13-18.15.02:928][  0]LogConfig: Setting CVar [[r.Streaming.LimitPoolSizeToVRAM:0]]
[2022.01.13-18.15.02:928][  0]LogConfig: Setting CVar [[r.Streaming.PoolSize:1000]]
[2022.01.13-18.15.02:928][  0]LogConfig: Setting CVar [[r.Streaming.MaxEffectiveScreenSize:0]]
[2022.01.13-18.15.02:928][  0]LogConfig: Applying CVar settings from Section [EffectsQuality@3] File [C:/Users/Owner/Documents/Unreal Projects/EasySurvivalRPGv3/Saved/Config/Windows/Scalability.ini]
[2022.01.13-18.15.02:928][  0]LogConfig: Setting CVar [[r.TranslucencyLightingVolumeDim:64]]
[2022.01.13-18.15.02:928][  0]LogConfig: Setting CVar [[r.RefractionQuality:2]]
[2022.01.13-18.15.02:928][  0]LogConfig: Setting CVar [[r.SSR.Quality:3]]
[2022.01.13-18.15.02:928][  0]LogConfig: Setting CVar [[r.SSR.HalfResSceneColor:0]]
[2022.01.13-18.15.02:928][  0]LogConfig: Setting CVar [[r.SceneColorFormat:4]]
[2022.01.13-18.15.02:928][  0]LogConfig: Setting CVar [[r.DetailMode:2]]
[2022.01.13-18.15.02:928][  0]LogConfig: Setting CVar [[r.TranslucencyVolumeBlur:1]]
[2022.01.13-18.15.02:928][  0]LogConfig: Setting CVar [[r.MaterialQualityLevel:1 ; High quality]]
[2022.01.13-18.15.02:928][  0]LogConfig: Setting CVar [[r.AnisotropicMaterials:1]]
[2022.01.13-18.15.02:928][  0]LogConfig: Setting CVar [[r.SSS.Scale:1]]
[2022.01.13-18.15.02:928][  0]LogConfig: Setting CVar [[r.SSS.SampleSet:2]]
[2022.01.13-18.15.02:928][  0]LogConfig: Setting CVar [[r.SSS.Quality:1]]
[2022.01.13-18.15.02:928][  0]LogConfig: Setting CVar [[r.SSS.HalfRes:0]]
[2022.01.13-18.15.02:928][  0]LogConfig: Setting CVar [[r.SSGI.Quality:3]]
[2022.01.13-18.15.02:928][  0]LogConfig: Setting CVar [[r.EmitterSpawnRateScale:1.0]]
[2022.01.13-18.15.02:928][  0]LogConfig: Setting CVar [[r.ParticleLightQuality:2]]
[2022.01.13-18.15.02:928][  0]LogConfig: Setting CVar [[r.SkyAtmosphere.AerialPerspectiveLUT.FastApplyOnOpaque:1 ; Always have FastSkyLUT 1 in this case to avoid wrong sky]]
[2022.01.13-18.15.02:928][  0]LogConfig: Setting CVar [[r.SkyAtmosphere.AerialPerspectiveLUT.SampleCountMaxPerSlice:4]]
[2022.01.13-18.15.02:928][  0]LogConfig: Setting CVar [[r.SkyAtmosphere.AerialPerspectiveLUT.DepthResolution:16.0]]
[2022.01.13-18.15.02:928][  0]LogConfig: Setting CVar [[r.SkyAtmosphere.FastSkyLUT:1]]
[2022.01.13-18.15.02:928][  0]LogConfig: Setting CVar [[r.SkyAtmosphere.FastSkyLUT.SampleCountMin:4.0]]
[2022.01.13-18.15.02:928][  0]LogConfig: Setting CVar [[r.SkyAtmosphere.FastSkyLUT.SampleCountMax:128.0]]
[2022.01.13-18.15.02:928][  0]LogConfig: Setting CVar [[r.SkyAtmosphere.SampleCountMin:4.0]]
[2022.01.13-18.15.02:928][  0]LogConfig: Setting CVar [[r.SkyAtmosphere.SampleCountMax:128.0]]
[2022.01.13-18.15.02:928][  0]LogConfig: Setting CVar [[r.SkyAtmosphere.TransmittanceLUT.UseSmallFormat:0]]
[2022.01.13-18.15.02:928][  0]LogConfig: Setting CVar [[r.SkyAtmosphere.TransmittanceLUT.SampleCount:10.0]]
[2022.01.13-18.15.02:929][  0]LogConfig: Setting CVar [[r.SkyAtmosphere.MultiScatteringLUT.SampleCount:15.0]]
[2022.01.13-18.15.02:929][  0]LogConfig: Setting CVar [[r.SkyLight.RealTimeReflectionCapture:1]]
[2022.01.13-18.15.02:929][  0]LogConfig: Applying CVar settings from Section [FoliageQuality@3] File [C:/Users/Owner/Documents/Unreal Projects/EasySurvivalRPGv3/Saved/Config/Windows/Scalability.ini]
[2022.01.13-18.15.02:929][  0]LogConfig: Setting CVar [[foliage.DensityScale:1.0]]
[2022.01.13-18.15.02:929][  0]LogConfig: Setting CVar [[grass.DensityScale:1.0]]
[2022.01.13-18.15.02:929][  0]LogConfig: Applying CVar settings from Section [ShadingQuality@3] File [C:/Users/Owner/Documents/Unreal Projects/EasySurvivalRPGv3/Saved/Config/Windows/Scalability.ini]
[2022.01.13-18.15.02:929][  0]LogConfig: Setting CVar [[r.HairStrands.SkyLighting.IntegrationType:2]]
[2022.01.13-18.15.02:929][  0]LogConfig: Setting CVar [[r.HairStrands.SkyAO.SampleCount:4]]
[2022.01.13-18.15.02:929][  0]LogConfig: Setting CVar [[r.HairStrands.Visibility.MSAA.SamplePerPixel:4]]
[2022.01.13-18.15.02:929][  0]LogInit: Selected Device Profile: [Windows]
[2022.01.13-18.15.02:929][  0]LogInit: Applying CVar settings loaded from the selected device profile: [Windows]
[2022.01.13-18.15.02:929][  0]LogHAL: Display: Platform has ~ 16 GB [17104961536 / 17179869184 / 16], which maps to Larger [LargestMinGB=32, LargerMinGB=12, DefaultMinGB=8, SmallerMinGB=6, SmallestMinGB=0)
[2022.01.13-18.15.02:929][  0]LogInit: Going up to parent DeviceProfile []
[2022.01.13-18.15.02:929][  0]LogConfig: Applying CVar settings from Section [ViewDistanceQuality@3] File [C:/Users/Owner/Documents/Unreal Projects/EasySurvivalRPGv3/Saved/Config/Windows/Scalability.ini]
[2022.01.13-18.15.02:929][  0]LogConfig: Setting CVar [[r.SkeletalMeshLODBias:0]]
[2022.01.13-18.15.02:929][  0]LogConfig: Setting CVar [[r.ViewDistanceScale:1.0]]
[2022.01.13-18.15.02:929][  0]LogConfig: Applying CVar settings from Section [AntiAliasingQuality@3] File [C:/Users/Owner/Documents/Unreal Projects/EasySurvivalRPGv3/Saved/Config/Windows/Scalability.ini]
[2022.01.13-18.15.02:929][  0]LogConfig: Setting CVar [[r.PostProcessAAQuality:4]]
[2022.01.13-18.15.02:929][  0]LogConfig: Applying CVar settings from Section [ShadowQuality@3] File [C:/Users/Owner/Documents/Unreal Projects/EasySurvivalRPGv3/Saved/Config/Windows/Scalability.ini]
[2022.01.13-18.15.02:929][  0]LogConfig: Setting CVar [[r.LightFunctionQuality:1]]
[2022.01.13-18.15.02:929][  0]LogConfig: Setting CVar [[r.ShadowQuality:5]]
[2022.01.13-18.15.02:929][  0]LogConfig: Setting CVar [[r.Shadow.CSM.MaxCascades:10]]
[2022.01.13-18.15.02:929][  0]LogConfig: Setting CVar [[r.Shadow.MaxResolution:2048]]
[2022.01.13-18.15.02:929][  0]LogConfig: Setting CVar [[r.Shadow.MaxCSMResolution:2048]]
[2022.01.13-18.15.02:929][  0]LogConfig: Setting CVar [[r.Shadow.RadiusThreshold:0.01]]
[2022.01.13-18.15.02:929][  0]LogConfig: Setting CVar [[r.Shadow.DistanceScale:1.0]]
[2022.01.13-18.15.02:929][  0]LogConfig: Setting CVar [[r.Shadow.CSM.TransitionScale:1.0]]
[2022.01.13-18.15.02:929][  0]LogConfig: Setting CVar [[r.Shadow.PreShadowResolutionFactor:1.0]]
[2022.01.13-18.15.02:929][  0]LogConfig: Setting CVar [[r.DistanceFieldShadowing:1]]
[2022.01.13-18.15.02:929][  0]LogConfig: Setting CVar [[r.DistanceFieldAO:1]]
[2022.01.13-18.15.02:929][  0]LogConfig: Setting CVar [[r.AOQuality:2]]
[2022.01.13-18.15.02:929][  0]LogConfig: Setting CVar [[r.VolumetricFog:1]]
[2022.01.13-18.15.02:929][  0]LogConfig: Setting CVar [[r.VolumetricFog.GridPixelSize:8]]
[2022.01.13-18.15.02:929][  0]LogConfig: Setting CVar [[r.VolumetricFog.GridSizeZ:128]]
[2022.01.13-18.15.02:929][  0]LogConfig: Setting CVar [[r.VolumetricFog.HistoryMissSupersampleCount:4]]
[2022.01.13-18.15.02:929][  0]LogConfig: Setting CVar [[r.LightMaxDrawDistanceScale:1]]
[2022.01.13-18.15.02:929][  0]LogConfig: Setting CVar [[r.CapsuleShadows:1]]
[2022.01.13-18.15.02:929][  0]LogConfig: Applying CVar settings from Section [PostProcessQuality@3] File [C:/Users/Owner/Documents/Unreal Projects/EasySurvivalRPGv3/Saved/Config/Windows/Scalability.ini]
[2022.01.13-18.15.02:929][  0]LogConfig: Setting CVar [[r.MotionBlurQuality:4]]
[2022.01.13-18.15.02:929][  0]LogConfig: Setting CVar [[r.AmbientOcclusionMipLevelFactor:0.4]]
[2022.01.13-18.15.02:929][  0]LogConfig: Setting CVar [[r.AmbientOcclusionMaxQuality:100]]
[2022.01.13-18.15.02:929][  0]LogConfig: Setting CVar [[r.AmbientOcclusionLevels:-1]]
[2022.01.13-18.15.02:929][  0]LogConfig: Setting CVar [[r.AmbientOcclusionRadiusScale:1.0]]
[2022.01.13-18.15.02:929][  0]LogConfig: Setting CVar [[r.DepthOfFieldQuality:2]]
[2022.01.13-18.15.02:929][  0]LogConfig: Setting CVar [[r.RenderTargetPoolMin:400]]
[2022.01.13-18.15.02:929][  0]LogConfig: Setting CVar [[r.LensFlareQuality:2]]
[2022.01.13-18.15.02:929][  0]LogConfig: Setting CVar [[r.SceneColorFringeQuality:1]]
[2022.01.13-18.15.02:929][  0]LogConfig: Setting CVar [[r.EyeAdaptationQuality:2]]
[2022.01.13-18.15.02:929][  0]LogConfig: Setting CVar [[r.BloomQuality:5]]
[2022.01.13-18.15.02:929][  0]LogConfig: Setting CVar [[r.FastBlurThreshold:100]]
[2022.01.13-18.15.02:929][  0]LogConfig: Setting CVar [[r.Upscale.Quality:3]]
[2022.01.13-18.15.02:929][  0]LogConfig: Setting CVar [[r.Tonemapper.GrainQuantization:1]]
[2022.01.13-18.15.02:929][  0]LogConfig: Setting CVar [[r.LightShaftQuality:1]]
[2022.01.13-18.15.02:929][  0]LogConfig: Setting CVar [[r.Filter.SizeScale:1]]
[2022.01.13-18.15.02:929][  0]LogConfig: Setting CVar [[r.Tonemapper.Quality:5]]
[2022.01.13-18.15.02:929][  0]LogConfig: Setting CVar [[r.DOF.Gather.AccumulatorQuality:1        ; higher gathering accumulator quality]]
[2022.01.13-18.15.02:929][  0]LogConfig: Setting CVar [[r.DOF.Gather.PostfilterMethod:1          ; Median3x3 postfilering method]]
[2022.01.13-18.15.02:929][  0]LogConfig: Setting CVar [[r.DOF.Gather.EnableBokehSettings:0       ; no bokeh simulation when gathering]]
[2022.01.13-18.15.02:929][  0]LogConfig: Setting CVar [[r.DOF.Gather.RingCount:4                 ; medium number of samples when gathering]]
[2022.01.13-18.15.02:929][  0]LogConfig: Setting CVar [[r.DOF.Scatter.ForegroundCompositing:1    ; additive foreground scattering]]
[2022.01.13-18.15.02:929][  0]LogConfig: Setting CVar [[r.DOF.Scatter.BackgroundCompositing:2    ; additive background scattering]]
[2022.01.13-18.15.02:929][  0]LogConfig: Setting CVar [[r.DOF.Scatter.EnableBokehSettings:1      ; bokeh simulation when scattering]]
[2022.01.13-18.15.02:929][  0]LogConfig: Setting CVar [[r.DOF.Scatter.MaxSpriteRatio:0.1         ; only a maximum of 10% of scattered bokeh]]
[2022.01.13-18.15.02:929][  0]LogConfig: Setting CVar [[r.DOF.Recombine.Quality:1                ; cheap slight out of focus]]
[2022.01.13-18.15.02:929][  0]LogConfig: Setting CVar [[r.DOF.Recombine.EnableBokehSettings:0    ; no bokeh simulation on slight out of focus]]
[2022.01.13-18.15.02:929][  0]LogConfig: Setting CVar [[r.DOF.TemporalAAQuality:1                ; more stable temporal accumulation]]
[2022.01.13-18.15.02:929][  0]LogConfig: Setting CVar [[r.DOF.Kernel.MaxForegroundRadius:0.025]]
[2022.01.13-18.15.02:929][  0]LogConfig: Setting CVar [[r.DOF.Kernel.MaxBackgroundRadius:0.025]]
[2022.01.13-18.15.02:929][  0]LogConfig: Applying CVar settings from Section [TextureQuality@3] File [C:/Users/Owner/Documents/Unreal Projects/EasySurvivalRPGv3/Saved/Config/Windows/Scalability.ini]
[2022.01.13-18.15.02:929][  0]LogConfig: Setting CVar [[r.Streaming.MipBias:0]]
[2022.01.13-18.15.02:929][  0]LogConfig: Setting CVar [[r.Streaming.AmortizeCPUToGPUCopy:0]]
[2022.01.13-18.15.02:929][  0]LogConfig: Setting CVar [[r.Streaming.MaxNumTexturesToStreamPerFrame:0]]
[2022.01.13-18.15.02:929][  0]LogConfig: Setting CVar [[r.Streaming.Boost:1]]
[2022.01.13-18.15.02:929][  0]LogConfig: Setting CVar [[r.MaxAnisotropy:8]]
[2022.01.13-18.15.02:929][  0]LogConfig: Setting CVar [[r.VT.MaxAnisotropy:8]]
[2022.01.13-18.15.02:929][  0]LogConfig: Setting CVar [[r.Streaming.LimitPoolSizeToVRAM:0]]
[2022.01.13-18.15.02:929][  0]LogConfig: Setting CVar [[r.Streaming.PoolSize:1000]]
[2022.01.13-18.15.02:929][  0]LogConfig: Setting CVar [[r.Streaming.MaxEffectiveScreenSize:0]]
[2022.01.13-18.15.02:929][  0]LogConfig: Applying CVar settings from Section [EffectsQuality@3] File [C:/Users/Owner/Documents/Unreal Projects/EasySurvivalRPGv3/Saved/Config/Windows/Scalability.ini]
[2022.01.13-18.15.02:929][  0]LogConfig: Setting CVar [[r.TranslucencyLightingVolumeDim:64]]
[2022.01.13-18.15.02:929][  0]LogConfig: Setting CVar [[r.RefractionQuality:2]]
[2022.01.13-18.15.02:929][  0]LogConfig: Setting CVar [[r.SSR.Quality:3]]
[2022.01.13-18.15.02:929][  0]LogConfig: Setting CVar [[r.SSR.HalfResSceneColor:0]]
[2022.01.13-18.15.02:929][  0]LogConfig: Setting CVar [[r.SceneColorFormat:4]]
[2022.01.13-18.15.02:929][  0]LogConfig: Setting CVar [[r.DetailMode:2]]
[2022.01.13-18.15.02:929][  0]LogConfig: Setting CVar [[r.TranslucencyVolumeBlur:1]]
[2022.01.13-18.15.02:929][  0]LogConfig: Setting CVar [[r.MaterialQualityLevel:1 ; High quality]]
[2022.01.13-18.15.02:929][  0]LogConfig: Setting CVar [[r.AnisotropicMaterials:1]]
[2022.01.13-18.15.02:929][  0]LogConfig: Setting CVar [[r.SSS.Scale:1]]
[2022.01.13-18.15.02:929][  0]LogConfig: Setting CVar [[r.SSS.SampleSet:2]]
[2022.01.13-18.15.02:929][  0]LogConfig: Setting CVar [[r.SSS.Quality:1]]
[2022.01.13-18.15.02:929][  0]LogConfig: Setting CVar [[r.SSS.HalfRes:0]]
[2022.01.13-18.15.02:929][  0]LogConfig: Setting CVar [[r.SSGI.Quality:3]]
[2022.01.13-18.15.02:929][  0]LogConfig: Setting CVar [[r.EmitterSpawnRateScale:1.0]]
[2022.01.13-18.15.02:930][  0]LogConfig: Setting CVar [[r.ParticleLightQuality:2]]
[2022.01.13-18.15.02:930][  0]LogConfig: Setting CVar [[r.SkyAtmosphere.AerialPerspectiveLUT.FastApplyOnOpaque:1 ; Always have FastSkyLUT 1 in this case to avoid wrong sky]]
[2022.01.13-18.15.02:930][  0]LogConfig: Setting CVar [[r.SkyAtmosphere.AerialPerspectiveLUT.SampleCountMaxPerSlice:4]]
[2022.01.13-18.15.02:930][  0]LogConfig: Setting CVar [[r.SkyAtmosphere.AerialPerspectiveLUT.DepthResolution:16.0]]
[2022.01.13-18.15.02:930][  0]LogConfig: Setting CVar [[r.SkyAtmosphere.FastSkyLUT:1]]
[2022.01.13-18.15.02:930][  0]LogConfig: Setting CVar [[r.SkyAtmosphere.FastSkyLUT.SampleCountMin:4.0]]
[2022.01.13-18.15.02:930][  0]LogConfig: Setting CVar [[r.SkyAtmosphere.FastSkyLUT.SampleCountMax:128.0]]
[2022.01.13-18.15.02:930][  0]LogConfig: Setting CVar [[r.SkyAtmosphere.SampleCountMin:4.0]]
[2022.01.13-18.15.02:930][  0]LogConfig: Setting CVar [[r.SkyAtmosphere.SampleCountMax:128.0]]
[2022.01.13-18.15.02:930][  0]LogConfig: Setting CVar [[r.SkyAtmosphere.TransmittanceLUT.UseSmallFormat:0]]
[2022.01.13-18.15.02:930][  0]LogConfig: Setting CVar [[r.SkyAtmosphere.TransmittanceLUT.SampleCount:10.0]]
[2022.01.13-18.15.02:930][  0]LogConfig: Setting CVar [[r.SkyAtmosphere.MultiScatteringLUT.SampleCount:15.0]]
[2022.01.13-18.15.02:930][  0]LogConfig: Setting CVar [[r.SkyLight.RealTimeReflectionCapture:1]]
[2022.01.13-18.15.02:930][  0]LogConfig: Applying CVar settings from Section [FoliageQuality@3] File [C:/Users/Owner/Documents/Unreal Projects/EasySurvivalRPGv3/Saved/Config/Windows/Scalability.ini]
[2022.01.13-18.15.02:930][  0]LogConfig: Setting CVar [[foliage.DensityScale:1.0]]
[2022.01.13-18.15.02:930][  0]LogConfig: Setting CVar [[grass.DensityScale:1.0]]
[2022.01.13-18.15.02:930][  0]LogConfig: Applying CVar settings from Section [ShadingQuality@3] File [C:/Users/Owner/Documents/Unreal Projects/EasySurvivalRPGv3/Saved/Config/Windows/Scalability.ini]
[2022.01.13-18.15.02:930][  0]LogConfig: Setting CVar [[r.HairStrands.SkyLighting.IntegrationType:2]]
[2022.01.13-18.15.02:930][  0]LogConfig: Setting CVar [[r.HairStrands.SkyAO.SampleCount:4]]
[2022.01.13-18.15.02:930][  0]LogConfig: Setting CVar [[r.HairStrands.Visibility.MSAA.SamplePerPixel:4]]
[2022.01.13-18.15.02:930][  0]LogConfig: Applying CVar settings from Section [Startup] File [../../../Engine/Config/ConsoleVariables.ini]
[2022.01.13-18.15.02:930][  0]LogConfig: Setting CVar [[net.UseAdaptiveNetUpdateFrequency:0]]
[2022.01.13-18.15.02:930][  0]LogConfig: Setting CVar [[p.chaos.AllowCreatePhysxBodies:1]]
[2022.01.13-18.15.02:930][  0]LogConfig: Setting CVar [[fx.SkipVectorVMBackendOptimizations:1]]
[2022.01.13-18.15.02:930][  0]LogConfig: Applying CVar settings from Section [ConsoleVariables] File [C:/Users/Owner/Documents/Unreal Projects/EasySurvivalRPGv3/Saved/Config/Windows/Engine.ini]
[2022.01.13-18.15.02:930][  0]LogConfig: Applying CVar settings from Section [ConsoleVariables] File [C:/Users/Owner/Documents/Unreal Projects/EasySurvivalRPGv3/Saved/Config/Windows/Editor.ini]
[2022.01.13-18.15.02:930][  0]LogInit: Computer: DESKTOP-7SFKK8Q
[2022.01.13-18.15.02:930][  0]LogInit: User: Owner
[2022.01.13-18.15.02:930][  0]LogInit: CPU Page size=4096, Cores=8
[2022.01.13-18.15.02:930][  0]LogInit: High frequency timer resolution =10.000000 MHz
[2022.01.13-18.15.02:930][  0]LogMemory: Memory total: Physical=15.9GB (16GB approx)
[2022.01.13-18.15.02:930][  0]LogMemory: Platform Memory Stats for Windows
[2022.01.13-18.15.02:930][  0]LogMemory: Process Physical Memory: 149.05 MB used, 149.06 MB peak
[2022.01.13-18.15.02:930][  0]LogMemory: Process Virtual Memory: 133.03 MB used, 133.03 MB peak
[2022.01.13-18.15.02:930][  0]LogMemory: Physical Memory: 8136.66 MB used,  8175.90 MB free, 16312.56 MB total
[2022.01.13-18.15.02:930][  0]LogMemory: Virtual Memory: 134204152.00 MB used,  13579.37 MB free, 134217728.00 MB total
[2022.01.13-18.15.02:934][  0]LogWindows: WindowsPlatformFeatures enabled
[2022.01.13-18.15.03:067][  0]LogInit: Physics initialised using underlying interface: PhysX
[2022.01.13-18.15.03:068][  0]LogInit: Using OS detected language (en-US).
[2022.01.13-18.15.03:068][  0]LogInit: Using OS detected locale (en-US).
[2022.01.13-18.15.03:073][  0]LogTextLocalizationManager: No specific localization for 'en-US' exists, so the 'en' localization will be used.
[2022.01.13-18.15.03:268][  0]LogInit: Setting process to per monitor DPI aware
[2022.01.13-18.15.03:286][  0]LogWindowsTextInputMethodSystem: Display: IME system deactivated.
[2022.01.13-18.15.03:310][  0]LogSlate: New Slate User Created.  User Index 0, Is Virtual User: 0
[2022.01.13-18.15.03:310][  0]LogSlate: Slate User Registered.  User Index 0, Is Virtual User: 0
[2022.01.13-18.15.04:922][  0]LogD3D11RHI: Loaded GFSDK_Aftermath_Lib.x64.dll
[2022.01.13-18.15.04:924][  0]LogHMD: Failed to initialize OpenVR with code 110
[2022.01.13-18.15.04:924][  0]LogD3D11RHI: D3D11 min allowed feature level: 11_0
[2022.01.13-18.15.04:924][  0]LogD3D11RHI: D3D11 max allowed feature level: 11_0
[2022.01.13-18.15.04:924][  0]LogD3D11RHI: D3D11 adapters:
[2022.01.13-18.15.05:026][  0]LogD3D11RHI:    0. 'NVIDIA GeForce RTX 2080' (Feature Level 11_0)
[2022.01.13-18.15.05:026][  0]LogD3D11RHI:       8010/0/8156 MB DedicatedVideo/DedicatedSystem/SharedSystem, Outputs:1, VendorId:0x10de
[2022.01.13-18.15.05:027][  0]LogD3D11RHI:    1. 'Microsoft Basic Render Driver' (Feature Level 11_0)
[2022.01.13-18.15.05:028][  0]LogD3D11RHI:       0/0/8156 MB DedicatedVideo/DedicatedSystem/SharedSystem, Outputs:0, VendorId:0x1414
[2022.01.13-18.15.05:028][  0]LogD3D11RHI: Chosen D3D11 Adapter:
[2022.01.13-18.15.05:028][  0]LogD3D11RHI:     Description : NVIDIA GeForce RTX 2080
[2022.01.13-18.15.05:028][  0]LogD3D11RHI:     VendorId    : 10de
[2022.01.13-18.15.05:028][  0]LogD3D11RHI:     DeviceId    : 1e87
[2022.01.13-18.15.05:028][  0]LogD3D11RHI:     SubSysId    : 37a71458
[2022.01.13-18.15.05:028][  0]LogD3D11RHI:     Revision    : 00a1
[2022.01.13-18.15.05:028][  0]LogD3D11RHI:     DedicatedVideoMemory : 8399093760 bytes
[2022.01.13-18.15.05:028][  0]LogD3D11RHI:     DedicatedSystemMemory : 0 bytes
[2022.01.13-18.15.05:028][  0]LogD3D11RHI:     SharedSystemMemory : 8552480768 bytes
[2022.01.13-18.15.05:028][  0]LogD3D11RHI:     AdapterLuid : 0 64628
[2022.01.13-18.15.05:034][  0]LogD3D11RHI: Creating new Direct3DDevice
[2022.01.13-18.15.05:034][  0]LogD3D11RHI:     GPU DeviceId: 0x1e87 (for the marketing name, search the web for "GPU Device Id")
[2022.01.13-18.15.05:034][  0]LogWindows: EnumDisplayDevices:
[2022.01.13-18.15.05:034][  0]LogWindows:    0. 'NVIDIA GeForce RTX 2080' (P:1 D:1)
[2022.01.13-18.15.05:034][  0]LogWindows:    1. 'NVIDIA GeForce RTX 2080' (P:0 D:0)
[2022.01.13-18.15.05:035][  0]LogWindows:    2. 'NVIDIA GeForce RTX 2080' (P:0 D:0)
[2022.01.13-18.15.05:035][  0]LogWindows:    3. 'NVIDIA GeForce RTX 2080' (P:0 D:0)
[2022.01.13-18.15.05:035][  0]LogWindows: DebugString: FoundDriverCount:4 
[2022.01.13-18.15.05:035][  0]LogD3D11RHI:     Adapter Name: NVIDIA GeForce RTX 2080
[2022.01.13-18.15.05:035][  0]LogD3D11RHI:   Driver Version: 472.84 (internal:30.0.14.7284, unified:472.84)
[2022.01.13-18.15.05:035][  0]LogD3D11RHI:      Driver Date: 12-6-2021
[2022.01.13-18.15.05:035][  0]LogRHI: Texture pool is 5607 MB (70% of 8010 MB)
[2022.01.13-18.15.05:035][  0]LogD3D11RHI: Creating D3DDevice using adapter:
[2022.01.13-18.15.05:035][  0]LogD3D11RHI:     Description : NVIDIA GeForce RTX 2080
[2022.01.13-18.15.05:035][  0]LogD3D11RHI:     VendorId    : 10de
[2022.01.13-18.15.05:035][  0]LogD3D11RHI:     DeviceId    : 1e87
[2022.01.13-18.15.05:035][  0]LogD3D11RHI:     SubSysId    : 37a71458
[2022.01.13-18.15.05:035][  0]LogD3D11RHI:     Revision    : 00a1
[2022.01.13-18.15.05:035][  0]LogD3D11RHI:     DedicatedVideoMemory : 8399093760 bytes
[2022.01.13-18.15.05:035][  0]LogD3D11RHI:     DedicatedSystemMemory : 0 bytes
[2022.01.13-18.15.05:035][  0]LogD3D11RHI:     SharedSystemMemory : 8552480768 bytes
[2022.01.13-18.15.05:035][  0]LogD3D11RHI:     AdapterLuid : 0 64628
[2022.01.13-18.15.05:102][  0]LogD3D11RHI: RHI has support for 64 bit atomics
[2022.01.13-18.15.05:102][  0]LogD3D11RHI: Async texture creation enabled
[2022.01.13-18.15.05:102][  0]LogD3D11RHI: Array index from any shader is supported
[2022.01.13-18.15.05:115][  0]LogD3D11RHI: GPU Timing Frequency: 1000.000000 (Debug: 2 1)
[2022.01.13-18.15.05:149][  0]LogRHI: GeForceNow SDK initialized: 1
[2022.01.13-18.15.05:388][  0]LogTargetPlatformManager: Display: Loaded TargetPlatform 'AllDesktop'
[2022.01.13-18.15.05:406][  0]LogTargetPlatformManager: Display: Loaded TargetPlatform 'Android'
[2022.01.13-18.15.05:406][  0]LogTargetPlatformManager: Display: Loaded TargetPlatform 'Android_ASTC'
[2022.01.13-18.15.05:406][  0]LogTargetPlatformManager: Display: Loaded TargetPlatform 'Android_DXT'
[2022.01.13-18.15.05:406][  0]LogTargetPlatformManager: Display: Loaded TargetPlatform 'Android_ETC2'
[2022.01.13-18.15.05:406][  0]LogTargetPlatformManager: Display: Loaded TargetPlatform 'AndroidClient'
[2022.01.13-18.15.05:406][  0]LogTargetPlatformManager: Display: Loaded TargetPlatform 'Android_ASTCClient'
[2022.01.13-18.15.05:406][  0]LogTargetPlatformManager: Display: Loaded TargetPlatform 'Android_DXTClient'
[2022.01.13-18.15.05:406][  0]LogTargetPlatformManager: Display: Loaded TargetPlatform 'Android_ETC2Client'
[2022.01.13-18.15.05:406][  0]LogTargetPlatformManager: Display: Loaded TargetPlatform 'Android_Multi'
[2022.01.13-18.15.05:406][  0]LogTargetPlatformManager: Display: Loaded TargetPlatform 'Android_MultiClient'
[2022.01.13-18.15.05:421][  0]LogTargetPlatformManager: Display: Loaded TargetPlatform 'IOSClient'
[2022.01.13-18.15.05:421][  0]LogTargetPlatformManager: Display: Loaded TargetPlatform 'IOS'
[2022.01.13-18.15.05:429][  0]LogTargetPlatformManager: Display: Loaded TargetPlatform 'Linux'
[2022.01.13-18.15.05:433][  0]LogTargetPlatformManager: Display: Loaded TargetPlatform 'LinuxNoEditor'
[2022.01.13-18.15.05:436][  0]LogTargetPlatformManager: Display: Loaded TargetPlatform 'LinuxClient'
[2022.01.13-18.15.05:439][  0]LogTargetPlatformManager: Display: Loaded TargetPlatform 'LinuxServer'
[2022.01.13-18.15.05:448][  0]LogTargetPlatformManager: Display: Loaded TargetPlatform 'LinuxAArch64NoEditor'
[2022.01.13-18.15.05:451][  0]LogTargetPlatformManager: Display: Loaded TargetPlatform 'LinuxAArch64Client'
[2022.01.13-18.15.05:454][  0]LogTargetPlatformManager: Display: Loaded TargetPlatform 'LinuxAArch64Server'
[2022.01.13-18.15.05:479][  0]LogTargetPlatformManager: Display: Loaded TargetPlatform 'Lumin'
[2022.01.13-18.15.05:479][  0]LogTargetPlatformManager: Display: Loaded TargetPlatform 'LuminClient'
[2022.01.13-18.15.05:487][  0]LogTargetPlatformManager: Display: Loaded TargetPlatform 'MacNoEditor'
[2022.01.13-18.15.05:490][  0]LogTargetPlatformManager: Display: Loaded TargetPlatform 'Mac'
[2022.01.13-18.15.05:493][  0]LogTargetPlatformManager: Display: Loaded TargetPlatform 'MacClient'
[2022.01.13-18.15.05:496][  0]LogTargetPlatformManager: Display: Loaded TargetPlatform 'MacServer'
[2022.01.13-18.15.05:506][  0]LogTargetPlatformManager: Display: Loaded TargetPlatform 'TVOSClient'
[2022.01.13-18.15.05:506][  0]LogTargetPlatformManager: Display: Loaded TargetPlatform 'TVOS'
[2022.01.13-18.15.05:514][  0]LogTargetPlatformManager: Display: Loaded TargetPlatform 'WindowsNoEditor'
[2022.01.13-18.15.05:518][  0]LogTargetPlatformManager: Display: Loaded TargetPlatform 'Windows'
[2022.01.13-18.15.05:521][  0]LogTargetPlatformManager: Display: Loaded TargetPlatform 'WindowsClient'
[2022.01.13-18.15.05:525][  0]LogTargetPlatformManager: Display: Loaded TargetPlatform 'WindowsServer'
[2022.01.13-18.15.05:525][  0]LogTargetPlatformManager: Display: Building Assets For Windows
[2022.01.13-18.15.05:562][  0]LogAudioDebug: Display: Lib vorbis DLL was dynamically loaded.
[2022.01.13-18.15.05:608][  0]LogTextureFormatOodle: Display: Oodle Texture 2.9.0 init RDO Off
[2022.01.13-18.15.05:661][  0]LogRendererCore: Ray tracing is disabled. Reason: r.RayTracing=0.
[2022.01.13-18.15.05:661][  0]LogShaderCompilers: Guid format shader working directory is -27 characters bigger than the processId version (../../../../../../Users/Owner/Documents/Unreal Projects/EasySurvivalRPGv3/Intermediate/Shaders/WorkingDirectory/1192/).
[2022.01.13-18.15.05:661][  0]LogShaderCompilers: Cleaned the shader compiler working directory 'C:/Users/Owner/AppData/Local/Temp/UnrealShaderWorkingDir/0445C24D44C3460F2BF1FA9E1F42593D/'.
[2022.01.13-18.15.05:661][  0]LogXGEController: Cannot use XGE Controller as Incredibuild is not installed on this machine.
[2022.01.13-18.15.05:661][  0]LogShaderCompilers: Cannot use XGE Shader Compiler as Incredibuild is not installed on this machine.
[2022.01.13-18.15.05:661][  0]LogShaderCompilers: Display: Using Local Shader Compiler.
[2022.01.13-18.15.07:682][  0]LogDerivedDataCache: Display: Max Cache Size: 512 MB
[2022.01.13-18.15.07:731][  0]LogDerivedDataCache: Loaded boot cache 0.05s 94MB C:/Users/Owner/AppData/Local/UnrealEngine/4.27/DerivedDataCache/Boot.ddc.
[2022.01.13-18.15.07:731][  0]LogDerivedDataCache: Display: Loaded Boot cache: C:/Users/Owner/AppData/Local/UnrealEngine/4.27/DerivedDataCache/Boot.ddc
[2022.01.13-18.15.07:731][  0]LogDerivedDataCache: FDerivedDataBackendGraph:  Pak pak cache file ../../../../../../Users/Owner/Documents/Unreal Projects/EasySurvivalRPGv3/DerivedDataCache/DDC.ddp not found, will not use a pak cache.
[2022.01.13-18.15.07:731][  0]LogDerivedDataCache: Unable to find inner node Pak for hierarchical cache Hierarchy.
[2022.01.13-18.15.07:731][  0]LogDerivedDataCache: FDerivedDataBackendGraph:  CompressedPak pak cache file ../../../../../../Users/Owner/Documents/Unreal Projects/EasySurvivalRPGv3/DerivedDataCache/Compressed.ddp not found, will not use a pak cache.
[2022.01.13-18.15.07:731][  0]LogDerivedDataCache: Unable to find inner node CompressedPak for hierarchical cache Hierarchy.
[2022.01.13-18.15.07:753][  0]LogDerivedDataCache: Display: Pak cache opened for reading ../../../Engine/DerivedDataCache/Compressed.ddp.
[2022.01.13-18.15.07:753][  0]LogDerivedDataCache: FDerivedDataBackendGraph:  EnterprisePak pak cache file ../../../Enterprise/DerivedDataCache/Compressed.ddp not found, will not use a pak cache.
[2022.01.13-18.15.07:753][  0]LogDerivedDataCache: Unable to find inner node EnterprisePak for hierarchical cache Hierarchy.
[2022.01.13-18.15.07:760][  0]LogDerivedDataCache: Speed tests for C:/Users/Owner/AppData/Local/UnrealEngine/Common/DerivedDataCache took 0.01 seconds
[2022.01.13-18.15.07:760][  0]LogDerivedDataCache: Display: Performance to C:/Users/Owner/AppData/Local/UnrealEngine/Common/DerivedDataCache: Latency=0.02ms. RandomReadSpeed=350.20MBs, RandomWriteSpeed=236.91MBs. Assigned SpeedClass 'Local'
[2022.01.13-18.15.07:761][  0]LogDerivedDataCache: Using Local data cache path C:/Users/Owner/AppData/Local/UnrealEngine/Common/DerivedDataCache: Writable
[2022.01.13-18.15.07:761][  0]LogDerivedDataCache: Shared data cache path not found in *engine.ini, will not use an Shared cache.
[2022.01.13-18.15.07:761][  0]LogDerivedDataCache: Unable to find inner node Shared for hierarchical cache Hierarchy.
[2022.01.13-18.15.07:799][  0]LogSlate: Using FreeType 2.10.0
[2022.01.13-18.15.07:809][  0]LogSlate: SlateFontServices - WITH_FREETYPE: 1, WITH_HARFBUZZ: 1
[2022.01.13-18.15.07:828][  0]LogAssetRegistry: FAssetRegistry took 0.0027 seconds to start up
[2022.01.13-18.15.08:018][  0]LogInit: Selected Device Profile: [Windows]
[2022.01.13-18.15.08:019][  0]LogInit: Active device profile: [0000028E69438F00][0000028E67AA1B00 49] Windows
[2022.01.13-18.15.08:019][  0]LogInit: Profiles: [0000028E69438F00][0000028E67AA1B00 49] Windows, [0000028E693B6400][0000028E67322100 49] WindowsNoEditor, [0000028E69439F00][0000028E67334280 49] WindowsServer, [0000028E693B5600][0000028E67338400 49] WindowsClient, [0000028E69439000][0000028E6733C580 49] IOS, [0000028E693B7A00][0000028E67340700 49] iPadAir, [0000028E6943B300][0000028E67344880 49] iPadAir2, [0000028E69A85300][0000028E66F50AC0 49] IPadPro, [0000028E69A85400][0000028E67AA4B00 49] iPadAir3, [0000028E693B4B00][0000028E66F5AC40 49] iPadAir4, [0000028E69A86100][0000028E66F5ED80 49] iPadMini2, [0000028E693B7400][0000028E66F66F00 49] iPadMini3, [0000028E69A86C00][0000028E66F6B080 49] iPadMini4, [0000028E693B6700][0000028E66F6F200 49] iPadMini5, [0000028E69AA4E00][0000028E66F774C0 49] iPhone6, [0000028E69AA4F00][0000028E66F73500 49] iPodTouch6, [0000028E6943A800][0000028E66F7F7C0 49] iPhone7, [0000028E6943A900][0000028E66F7B800 49] iPodTouch7, [0000028E69A84C00][0000028E66F83980 49] iPhone5S, [0000028E69439300][0000028E66F87B00 49] iPhone6Plus, [0000028E6943BA00][0000028E66F8A100 49] iPhone6S, [0000028E69AA5300][0000028E66F8E280 49] iPhone6SPlus, [0000028E69438B00][0000028E66F92400 49] iPhone7Plus, [0000028E69AA5600][0000028E66F96580 49] iPhoneSE, [0000028E69438A00][0000028E66F9A700 49] iPhone8, [0000028E69AA5200][0000028E66F9E880 49] iPhone8Plus, [0000028E69A86B00][0000028E66FA2A00 49] iPhoneX, [0000028E69AA4C00][0000028E66F62B40 49] iPhoneXS, [0000028E69A87A00][0000028E66FA6C80 49] iPhoneXSMax, [0000028E69AA7800][0000028E66FAADC0 49] iPhoneXR, [0000028E69A84D00][0000028E66FAEF00 49] iPhone11, [0000028E69AA6600][0000028E66FB7080 49] iPhone11Pro, [0000028E69A86900][0000028E66FBB200 49] iPhone11ProMax, [0000028E69AA4200][0000028E66FBF380 49] iPhoneSE2, [0000028E69A84B00][0000028E66FC3500 49] iPhone12Mini, [0000028E69AA6A00][0000028E66FC7680 49] iPhone12, [0000028E69A86E00][0000028E66FCB800 49] iPhone12Pro, [0000028E69AA4A00][0000028E66FCF980 49] iPhone12ProMax, [0000028E69A87200][0000028E66FD3B00 49] iPadPro105, [0000028E69AA7600][0000028E66FD6100 49] iPadPro129, [0000028E69A86000][0000028E66FDA280 49] iPadPro97, [0000028E69AA6000][0000028E66FDE400 49] iPadPro2_129, [0000028E69A86400][0000028E66FE2580 49] iPad5, [0000028E69AA5400][0000028E66FE6700 49] iPad6, [0000028E69A85000][0000028E66FEA880 49] iPad7, [0000028E69AA5700][0000028E66FEEA00 49] iPad8, [0000028E69A87C00][0000028E66FF2B80 49] iPadPro11, [0000028E69AA5800][0000028E66FF6D00 49] iPadPro2_11, [0000028E69A84600][0000028E66FB2E40 49] iPadPro3_129, [0000028E69AA4D00][0000028E66FFAF80 49] iPadPro4_129, [0000028E69A87100][0000028E66FFF0C0 49] AppleTV, [0000028E69AA4800][0000028E67007240 49] AppleTV4K, [0000028E69A84500][0000028E6700B3C0 49] TVOS, [0000028E69AA4500][0000028E6700F540 49] Mac, [0000028E69A84700][0000028E670136C0 49] MacClient, [0000028E69AA5500][0000028E67017840 49] MacNoEditor, [0000028E69A85500][0000028E6701B9C0 49] MacServer, [0000028E69AA6E00][0000028E6701FB40 49] Linux, [0000028E69A84400][0000028E67022140 49] LinuxAArch64, [0000028E69AA5E00][0000028E670262C0 49] LinuxNoEditor, [0000028E69A85C00][0000028E6702A440 49] LinuxAArch64NoEditor, [0000028E69AA6900][0000028E6702E5C0 49] LinuxClient, [0000028E69A86D00][0000028E67032740 49] LinuxAArch64Client, [0000028E69AA4100][0000028E670368C0 49] LinuxServer, [0000028E69A85E00][0000028E6703AA40 49] LinuxAArch64Server, [0000028E69AA4B00][0000028E6703EBC0 49] Android, [0000028E69A85A00][0000028E67042D40 49] Android_Low, [0000028E69AA6F00][0000028E67046EC0 49] Android_Mid, [0000028E69A85100][0000028E67003000 49] Android_High, [0000028E69AA7000][0000028E6704B140 49] Android_Default, [0000028E69A85700][0000028E6704F280 49] Android_Adreno4xx, [0000028E69AA5900][0000028E670533C0 49] Android_Adreno5xx_Low, [0000028E69A84A00][0000028E6705B540 49] Android_Adreno5xx, [0000028E69AA7400][0000028E6705F6C0 49] Android_Adreno6xx, [0000028E69A84E00][0000028E67063840 49] Android_Adreno6xx_Vulkan, [0000028E69AA7100][0000028E670679C0 49] Android_Mali_T6xx, [0000028E69439E00][0000028E6706BB40 49] Android_Mali_T7xx, [0000028E693B4800][0000028E6706E140 49] Android_Mali_T8xx, [0000028E69439200][0000028E670722C0 49] Android_Mali_G71, [0000028E693B4E00][0000028E67076440 49] Android_Mali_G72, [0000028E69439100][0000028E6707A5C0 49] Android_Mali_G72_Vulkan, [0000028E693B6500][0000028E6707E740 49] Android_Mali_G76, [0000028E69439500][0000028E670828C0 49] Android_Mali_G76_Vulkan, [0000028E693B6000][0000028E67086A40 49] Android_Mali_G77, [0000028E6943BF00][0000028E6708ABC0 49] Android_Mali_G77_Vulkan, [0000028E693B5D00][0000028E6708ED40 49] Android_Mali_G78, [0000028E69438300][0000028E67092EC0 49] Android_Mali_G78_Vulkan, [0000028E693B4400][0000028E67097040 49] Android_Mali_G710, [0000028E6943B700][0000028E67057180 49] Android_Mali_G710_Vulkan, [0000028E693B7100][0000028E6709B2C0 49] Android_Vulkan_SM5, [0000028E69438800][0000028E6709F400 49] Android_PowerVR_G6xxx, [0000028E693B4A00][0000028E670A3540 49] Android_PowerVR_GT7xxx, [0000028E69438D00][0000028E670AB6C0 49] Android_PowerVR_GE8xxx, [0000028E693B7D00][0000028E670AF840 49] Android_PowerVR_GM9xxx, [0000028E69438600][0000028E670B39C0 49] Android_PowerVR_GM9xxx_Vulkan, [0000028E693B5200][0000028E670B7B40 49] Android_TegraK1, [0000028E6943AB00][0000028E670BA140 49] Android_Unknown_Vulkan, [0000028E693B7000][0000028E5B0E02C0 49] Lumin, [0000028E6943A000][0000028E5B0E4440 49] Lumin_Desktop, [0000028E693B6E00][0000028E5B0E85C0 49] HoloLens, 
[2022.01.13-18.15.08:120][  0]LogMeshReduction: Using QuadricMeshReduction for automatic static mesh reduction
[2022.01.13-18.15.08:120][  0]LogMeshReduction: Using SimplygonMeshReduction for automatic skeletal mesh reduction
[2022.01.13-18.15.08:120][  0]LogMeshReduction: Using ProxyLODMeshReduction for automatic mesh merging
[2022.01.13-18.15.08:120][  0]LogMeshReduction: No distributed automatic mesh merging module available
[2022.01.13-18.15.08:120][  0]LogMeshMerging: No distributed automatic mesh merging module available
[2022.01.13-18.15.08:227][  0]LogNetVersion: EasySurvivalRPGv3 1.0.0, NetCL: 17155196, EngineNetVer: 17, GameNetVer: 0 (Checksum: 18944296)
[2022.01.13-18.15.09:023][  0]LogTexture: Default maximum texture size for cubemaps generated from long-lat sources has been changed from 512 to unlimited. In order to preserve old behaiour for '/Engine/MapTemplates/Sky/DaylightAmbientCubemap.DaylightAmbientCubemap', its maximum texture size has been explicitly set to 512.
[2022.01.13-18.15.09:117][  0]LogHMD: PokeAHoleMaterial loaded successfully
[2022.01.13-18.15.09:122][  0]LogUObjectArray: 17186 objects as part of root set at end of initial load.
[2022.01.13-18.15.09:122][  0]LogUObjectAllocator: 4313952 out of 0 bytes used by permanent object pool.
[2022.01.13-18.15.09:122][  0]LogUObjectArray: CloseDisregardForGC: 0/0 objects in disregard for GC pool
[2022.01.13-18.15.09:493][  0]LogNiagaraDebuggerClient: Niagara Debugger Client Initialized | Session: 8AF2FFF149C1EE014D52E29928847881 | Instance: 0B9B1D4E45245254247E4DB0A22E933A (DESKTOP-7SFKK8Q-1192).
[2022.01.13-18.15.09:607][  0]LogTcpMessaging: Initializing TcpMessaging bridge
[2022.01.13-18.15.09:610][  0]LogUdpMessaging: Initializing bridge on interface 0.0.0.0:0 to multicast group 230.0.0.1:6666.
[2022.01.13-18.15.09:619][  0]LogPython: Using Python 3.7.7
[2022.01.13-18.15.10:313][  0]SourceControl: Source control is disabled
[2022.01.13-18.15.10:313][  0]LogWindows: Warning: CreateProc failed: The system cannot find the file specified. (0x00000002)
[2022.01.13-18.15.10:313][  0]LogWindows: Warning: URL: C:/Program Files/Git/bin/git.exe version
[2022.01.13-18.15.10:313][  0]LogWindows: Warning: CreateProc failed: The system cannot find the file specified. (0x00000002)
[2022.01.13-18.15.10:313][  0]LogWindows: Warning: URL: C:/Program Files (x86)/Git/bin/git.exe version
[2022.01.13-18.15.10:313][  0]LogWindows: Warning: CreateProc failed: The system cannot find the file specified. (0x00000002)
[2022.01.13-18.15.10:313][  0]LogWindows: Warning: URL: C:\Users\Owner\AppData\Local/Programs/Git/cmd/git.exe version
[2022.01.13-18.15.10:313][  0]LogWindows: Warning: CreateProc failed: The system cannot find the file specified. (0x00000002)
[2022.01.13-18.15.10:313][  0]LogWindows: Warning: URL: C:/Program Files (x86)/SmartGit/git/bin/git.exe version
[2022.01.13-18.15.10:314][  0]LogWindows: Warning: CreateProc failed: The system cannot find the file specified. (0x00000002)
[2022.01.13-18.15.10:314][  0]LogWindows: Warning: URL: C:/Program Files (x86)/SmartGit/bin/git.exe version
[2022.01.13-18.15.10:665][  0]LogUProjectInfo: Found projects:
[2022.01.13-18.15.10:913][  0]LogOpenImageDenoise: OIDN starting up
[2022.01.13-18.15.10:922][  0]LogAndroidPermission: UAndroidPermissionCallbackProxy::GetInstance
[2022.01.13-18.15.10:938][  0]LogAudioCaptureCore: Display: No Audio Capture implementations found. Audio input will be silent.
[2022.01.13-18.15.10:938][  0]LogAudioCaptureCore: Display: No Audio Capture implementations found. Audio input will be silent.
[2022.01.13-18.15.11:223][  0]LogCollectionManager: Loaded 0 collections in 0.001374 seconds
[2022.01.13-18.15.11:252][  0]LogFileCache: Scanning file cache for directory 'C:/Users/Owner/Documents/Unreal Projects/EasySurvivalRPGv3/Saved/Collections/' took 0.00s
[2022.01.13-18.15.11:252][  0]LogFileCache: Scanning file cache for directory 'C:/Users/Owner/Documents/Unreal Projects/EasySurvivalRPGv3/Content/Developers/Owner/Collections/' took 0.00s
[2022.01.13-18.15.11:252][  0]LogFileCache: Scanning file cache for directory 'C:/Users/Owner/Documents/Unreal Projects/EasySurvivalRPGv3/Content/Collections/' took 0.00s
[2022.01.13-18.15.11:252][  0]LogOcInput: OculusInput pre-init called
[2022.01.13-18.15.11:503][  0]LogEngine: Initializing Engine...
[2022.01.13-18.15.11:535][  0]LogHMD: Failed to enumerate extensions. Please check that you have a valid OpenXR runtime installed.
[2022.01.13-18.15.11:535][  0]LogHMD: Failed to initialize OpenVR with code 110
[2022.01.13-18.15.11:535][  0]LogMagicLeap: Warning: VR disabled because ZI is not enabled.  To enable, in the editor, Edit -> Project Settings -> Plugins -> Magic Leap Plugin -> Enable Zero Iteration
[2022.01.13-18.15.11:563][  0]LogStats: UGameplayTagsManager::InitializeManager -  0.027 s
[2022.01.13-18.15.11:795][  0]LogInit: Initializing FReadOnlyCVARCache
[2022.01.13-18.15.11:801][  0]LogAIModule: Creating AISystem for world Untitled
[2022.01.13-18.15.11:801][  0]LogAudio: Display: Initializing Audio Device Manager...
[2022.01.13-18.15.11:803][  0]LogAudio: Display: Loading Default Audio Settings Objects...
[2022.01.13-18.15.11:807][  0]LogAudio: Display: No default SoundConcurrencyObject specified (or failed to load).
[2022.01.13-18.15.11:807][  0]LogAudio: Display: Audio Device Manager Initialized
[2022.01.13-18.15.11:807][  0]LogAudio: Display: Creating Audio Device:                 Id: 1, Scope: Shared, Realtime: True
[2022.01.13-18.15.11:807][  0]LogAudioMixer: Display: Audio Mixer Platform Settings:
[2022.01.13-18.15.11:807][  0]LogAudioMixer: Display: 	Sample Rate:						  48000
[2022.01.13-18.15.11:807][  0]LogAudioMixer: Display: 	Callback Buffer Frame Size Requested: 1024
[2022.01.13-18.15.11:807][  0]LogAudioMixer: Display: 	Callback Buffer Frame Size To Use:	  1024
[2022.01.13-18.15.11:807][  0]LogAudioMixer: Display: 	Number of buffers to queue:			  2
[2022.01.13-18.15.11:807][  0]LogAudioMixer: Display: 	Max Channels (voices):				  32
[2022.01.13-18.15.11:807][  0]LogAudioMixer: Display: 	Number of Async Source Workers:		  0
[2022.01.13-18.15.11:807][  0]LogAudio: Display: AudioDevice MaxSources: 32
[2022.01.13-18.15.11:810][  0]LogAudio: Display: Audio Spatialization Plugin: None (built-in).
[2022.01.13-18.15.11:810][  0]LogAudio: Display: Audio Reverb Plugin: None (built-in).
[2022.01.13-18.15.11:810][  0]LogAudio: Display: Audio Occlusion Plugin: None (built-in).
[2022.01.13-18.15.11:810][  0]LogAudioMixer: Display: Initializing audio mixer.
[2022.01.13-18.15.11:823][  0]LogAudioMixer: Display: 0: FrontLeft
[2022.01.13-18.15.11:823][  0]LogAudioMixer: Display: 1: FrontRight
[2022.01.13-18.15.11:853][  0]LogAudioMixer: Display: Using Audio Device U32J59x (NVIDIA High Definition Audio)
[2022.01.13-18.15.11:853][  0]LogAudioMixer: Display: Initializing Sound Submixes...
[2022.01.13-18.15.11:868][  0]LogAudioMixer: Display: Creating Master Submix 'MasterSubmixDefault'
[2022.01.13-18.15.11:868][  0]LogAudioMixer: Display: Creating Master Submix 'MasterReverbSubmixDefault'
[2022.01.13-18.15.11:868][  0]LogAudioMixer: Display: Creating Master Submix 'MasterEQSubmixDefault'
[2022.01.13-18.15.11:868][  0]LogAudioMixer: FMixerPlatformXAudio2::StartAudioStream() called
[2022.01.13-18.15.11:868][  0]LogAudioMixer: Display: Output buffers initialized: Frames=1024, Channels=2, Samples=2048
[2022.01.13-18.15.11:869][  0]LogAudioMixer: Display: Starting AudioMixerPlatformInterface::RunInternal()
[2022.01.13-18.15.11:869][  0]LogAudioMixer: Display: FMixerPlatformXAudio2::SubmitBuffer() called for the first time
[2022.01.13-18.15.11:869][  0]LogInit: FAudioDevice initialized.
[2022.01.13-18.15.11:869][  0]LogAudio: Display: Audio Device (ID: 1) registered with world 'Untitled'.
[2022.01.13-18.15.11:869][  0]LogNetVersion: Set ProjectVersion to 3.0. Version Checksum will be recalculated on next use.
[2022.01.13-18.15.11:941][  0]LogDerivedDataCache: Saved boot cache 0.07s 94MB C:/Users/Owner/AppData/Local/UnrealEngine/4.27/DerivedDataCache/Boot.ddc.
[2022.01.13-18.15.11:943][  0]LogInit: Texture streaming: Enabled
[2022.01.13-18.15.11:952][  0]LogAnalytics: Display: [UEEditor.Rocket.Release] APIServer = https://datarouter.ol.epicgames.com/. AppVersion = 4.27.2-18319896+++UE4+Release-4.27
[2022.01.13-18.15.11:955][  0]LogEngineSessionManager: EngineSessionManager initialized
[2022.01.13-18.15.11:955][  0]LogEditorSessionSummary: Verbose: Initializing EditorSessionSummaryWriter for editor session tracking
[2022.01.13-18.15.11:957][  0]LogEditorSessionSummary: EditorSessionSummaryWriter initialized
[2022.01.13-18.15.11:979][  0]LogInit: Transaction tracking system initialized
[2022.01.13-18.15.11:993][  0]BlueprintLog: New page: Editor Load
[2022.01.13-18.15.12:038][  0]LocalizationService: Localization service is disabled
[2022.01.13-18.15.12:055][  0]TimingProfiler: Initialize
[2022.01.13-18.15.12:055][  0]TimingProfiler: OnSessionChanged
[2022.01.13-18.15.12:055][  0]LoadingProfiler: Initialize
[2022.01.13-18.15.12:055][  0]LoadingProfiler: OnSessionChanged
[2022.01.13-18.15.12:055][  0]NetworkingProfiler: Initialize
[2022.01.13-18.15.12:055][  0]NetworkingProfiler: OnSessionChanged
[2022.01.13-18.15.12:055][  0]MemoryProfiler: Initialize
[2022.01.13-18.15.12:055][  0]MemoryProfiler: OnSessionChanged
[2022.01.13-18.15.12:058][  0]LogClass: Warning: In asset 'None', there is an enum property of type 'EIOSVersion' with an invalid value of 'IOS_9'
[2022.01.13-18.15.12:058][  0]LogObj: Error: LoadConfig (/Script/IOSRuntimeSettings.Default__IOSRuntimeSettings): import failed for MinimumiOSVersion in: IOS_9
[2022.01.13-18.15.12:387][  0]LogCook: Display: CookSettings for Memory: MemoryMaxUsedVirtual 0MiB, MemoryMaxUsedPhysical 16384MiB, MemoryMinFreeVirtual 0MiB, MemoryMinFreePhysical 1024MiB
[2022.01.13-18.15.12:387][  0]LogCook: Display: Mobile HDR setting 1
[2022.01.13-18.15.12:543][  0]LogFileCache: Scanning file cache for directory 'C:/Users/Owner/Documents/Unreal Projects/EasySurvivalRPGv3/Content/' took 0.06s
[2022.01.13-18.15.12:696][  0]LogInit: Display: Engine is initialized. Leaving FEngineLoop::Init()
[2022.01.13-18.15.12:699][  0]LogUnrealEdMisc: Loading editor; pre map load, took 11.154
[2022.01.13-18.15.12:699][  0]Cmd: MAP LOAD FILE="../../../../../../Users/Owner/Documents/Unreal Projects/EasySurvivalRPGv3/Content/EasySurvivalRPG/Maps/Demo_Menu.umap" TEMPLATE=0 SHOWPROGRESS=1 FEATURELEVEL=3
[2022.01.13-18.15.12:702][  0]LightingResults: New page: Lighting Build
[2022.01.13-18.15.12:703][  0]LogWorld: UWorld::CleanupWorld for Untitled, bSessionEnded=true, bCleanupResources=true
[2022.01.13-18.15.12:703][  0]LogSlate: InvalidateAllWidgets triggered.  All widgets were invalidated
[2022.01.13-18.15.12:704][  0]MapCheck: New page: Map Check
[2022.01.13-18.15.12:704][  0]LightingResults: New page: Lighting Build
[2022.01.13-18.15.12:708][  0]LogAudio: Display: Audio Device unregistered from world 'None'.
[2022.01.13-18.15.12:710][  0]LogUObjectHash: Compacting FUObjectHashTables data took   0.60ms
[2022.01.13-18.15.35:615][  0]LogSlate: InvalidateAllWidgets triggered.  All widgets were invalidated
[2022.01.13-18.15.35:615][  0]LogSlate: InvalidateAllWidgets triggered.  All widgets were invalidated
[2022.01.13-18.15.35:615][  0]LogSlate: InvalidateAllWidgets triggered.  All widgets were invalidated
[2022.01.13-18.15.35:615][  0]LogSlate: InvalidateAllWidgets triggered.  All widgets were invalidated
[2022.01.13-18.15.35:615][  0]LogSlate: InvalidateAllWidgets triggered.  All widgets were invalidated
[2022.01.13-18.15.38:270][  0]LogAudio: Display: Audio Device (ID: 1) registered with world 'Demo_Menu'.
[2022.01.13-18.15.38:271][  0]LogAIModule: Creating AISystem for world Demo_Menu
[2022.01.13-18.15.38:851][  0]LogEditorServer: Finished looking for orphan Actors (0.000 secs)
[2022.01.13-18.15.38:934][  0]LogUObjectHash: Compacting FUObjectHashTables data took   4.32ms
[2022.01.13-18.15.38:934][  0]Cmd: MAP CHECKDEP NOCLEARLOG
[2022.01.13-18.15.38:934][  0]MapCheck: Map check complete: 0 Error(s), 0 Warning(s), took 0.123ms to complete.
[2022.01.13-18.15.38:934][  0]LogFileHelpers: Loading map 'Demo_Menu' took 26.236
[2022.01.13-18.15.38:936][  0]LogUnrealEdMisc: Total Editor Startup Time, took 37.391
[2022.01.13-18.15.39:056][  0]LogSlate: Took 0.003318 seconds to synchronously load lazily loaded font '../../../Engine/Content/Slate/Fonts/Roboto-Regular.ttf' (155K)
[2022.01.13-18.15.39:791][  0]LogSlate: Only BGRA pngs, bmps or icos are supported in by External Image Picker
[2022.01.13-18.15.39:867][  0]LogSlate: Updating window title bar state: overlay mode, drag disabled, window buttons hidden, title bar hidden
[2022.01.13-18.15.39:872][  0]LogSlate: Updating window title bar state: overlay mode, drag disabled, window buttons hidden, title bar hidden
[2022.01.13-18.15.39:877][  0]LogSlate: Updating window title bar state: overlay mode, drag disabled, window buttons hidden, title bar hidden
[2022.01.13-18.15.39:883][  0]LogSlate: Updating window title bar state: overlay mode, drag disabled, window buttons hidden, title bar hidden
[2022.01.13-18.15.39:902][  0]LogNativeClassHierarchy: Verbose: Native class hierarchy populated in 0.0081 seconds. Added 3834 classes and 937 folders.
[2022.01.13-18.15.39:923][  0]LogNativeClassHierarchy: Verbose: Native class hierarchy updated for 'WidgetCarousel' in 0.0002 seconds. Added 0 classes and 0 folders.
[2022.01.13-18.15.39:931][  0]LogPakFile: PakFile PrimaryIndexSize=187
[2022.01.13-18.15.39:931][  0]LogPakFile: PakFile PathHashIndexSize=101
[2022.01.13-18.15.39:931][  0]LogPakFile: PakFile FullDirectoryIndexSize=148
[2022.01.13-18.15.39:931][  0]LogShaderLibrary: Display: ShaderCodeLibraryPakFileMountedCallback: PakFile 'C:/Program Files/Epic Games/UE_4.27/FeaturePacks/FP_FirstPerson.upack' (chunk index -1, root 'root:/') mounted
[2022.01.13-18.15.39:931][  0]LogShaderLibrary: Display: ShaderCodeLibraryPakFileMountedCallback: pending pak file info (ChunkID:-1 Root:root:/ File:C:/Program Files/Epic Games/UE_4.27/FeaturePacks/FP_FirstPerson.upack)
[2022.01.13-18.15.39:931][  0]LogPakFile: OnPakFileMounted2Time == 0.000051
[2022.01.13-18.15.39:937][  0]LogPakFile: PakFile PrimaryIndexSize=189
[2022.01.13-18.15.39:937][  0]LogPakFile: PakFile PathHashIndexSize=101
[2022.01.13-18.15.39:937][  0]LogPakFile: PakFile FullDirectoryIndexSize=152
[2022.01.13-18.15.39:937][  0]LogShaderLibrary: Display: ShaderCodeLibraryPakFileMountedCallback: PakFile 'C:/Program Files/Epic Games/UE_4.27/FeaturePacks/FP_FirstPersonBP.upack' (chunk index -1, root 'root:/') mounted
[2022.01.13-18.15.39:937][  0]LogShaderLibrary: Display: ShaderCodeLibraryPakFileMountedCallback: pending pak file info (ChunkID:-1 Root:root:/ File:C:/Program Files/Epic Games/UE_4.27/FeaturePacks/FP_FirstPersonBP.upack)
[2022.01.13-18.15.39:937][  0]LogPakFile: OnPakFileMounted2Time == 0.000044
[2022.01.13-18.15.39:940][  0]LogPakFile: PakFile PrimaryIndexSize=191
[2022.01.13-18.15.39:940][  0]LogPakFile: PakFile PathHashIndexSize=101
[2022.01.13-18.15.39:940][  0]LogPakFile: PakFile FullDirectoryIndexSize=160
[2022.01.13-18.15.39:941][  0]LogShaderLibrary: Display: ShaderCodeLibraryPakFileMountedCallback: PakFile 'C:/Program Files/Epic Games/UE_4.27/FeaturePacks/MobileStarterContent.upack' (chunk index -1, root 'root:/') mounted
[2022.01.13-18.15.39:941][  0]LogShaderLibrary: Display: ShaderCodeLibraryPakFileMountedCallback: pending pak file info (ChunkID:-1 Root:root:/ File:C:/Program Files/Epic Games/UE_4.27/FeaturePacks/MobileStarterContent.upack)
[2022.01.13-18.15.39:941][  0]LogPakFile: OnPakFileMounted2Time == 0.000039
[2022.01.13-18.15.39:944][  0]LogPakFile: PakFile PrimaryIndexSize=185
[2022.01.13-18.15.39:944][  0]LogPakFile: PakFile PathHashIndexSize=101
[2022.01.13-18.15.39:944][  0]LogPakFile: PakFile FullDirectoryIndexSize=148
[2022.01.13-18.15.39:944][  0]LogShaderLibrary: Display: ShaderCodeLibraryPakFileMountedCallback: PakFile 'C:/Program Files/Epic Games/UE_4.27/FeaturePacks/StarterContent.upack' (chunk index -1, root 'root:/') mounted
[2022.01.13-18.15.39:945][  0]LogShaderLibrary: Display: ShaderCodeLibraryPakFileMountedCallback: pending pak file info (ChunkID:-1 Root:root:/ File:C:/Program Files/Epic Games/UE_4.27/FeaturePacks/StarterContent.upack)
[2022.01.13-18.15.39:945][  0]LogPakFile: OnPakFileMounted2Time == 0.000044
[2022.01.13-18.15.39:948][  0]LogPakFile: PakFile PrimaryIndexSize=190
[2022.01.13-18.15.39:948][  0]LogPakFile: PakFile PathHashIndexSize=101
[2022.01.13-18.15.39:948][  0]LogPakFile: PakFile FullDirectoryIndexSize=154
[2022.01.13-18.15.39:948][  0]LogShaderLibrary: Display: ShaderCodeLibraryPakFileMountedCallback: PakFile 'C:/Program Files/Epic Games/UE_4.27/FeaturePacks/TP_2DSideScroller.upack' (chunk index -1, root 'root:/') mounted
[2022.01.13-18.15.39:948][  0]LogShaderLibrary: Display: ShaderCodeLibraryPakFileMountedCallback: pending pak file info (ChunkID:-1 Root:root:/ File:C:/Program Files/Epic Games/UE_4.27/FeaturePacks/TP_2DSideScroller.upack)
[2022.01.13-18.15.39:948][  0]LogPakFile: OnPakFileMounted2Time == 0.000041
[2022.01.13-18.15.39:952][  0]LogPakFile: PakFile PrimaryIndexSize=192
[2022.01.13-18.15.39:952][  0]LogPakFile: PakFile PathHashIndexSize=101
[2022.01.13-18.15.39:952][  0]LogPakFile: PakFile FullDirectoryIndexSize=158
[2022.01.13-18.15.39:952][  0]LogShaderLibrary: Display: ShaderCodeLibraryPakFileMountedCallback: PakFile 'C:/Program Files/Epic Games/UE_4.27/FeaturePacks/TP_2DSideScrollerBP.upack' (chunk index -1, root 'root:/') mounted
[2022.01.13-18.15.39:952][  0]LogShaderLibrary: Display: ShaderCodeLibraryPakFileMountedCallback: pending pak file info (ChunkID:-1 Root:root:/ File:C:/Program Files/Epic Games/UE_4.27/FeaturePacks/TP_2DSideScrollerBP.upack)
[2022.01.13-18.15.39:952][  0]LogPakFile: OnPakFileMounted2Time == 0.000039
[2022.01.13-18.15.39:955][  0]LogPakFile: PakFile PrimaryIndexSize=182
[2022.01.13-18.15.39:955][  0]LogPakFile: PakFile PathHashIndexSize=101
[2022.01.13-18.15.39:955][  0]LogPakFile: PakFile FullDirectoryIndexSize=138
[2022.01.13-18.15.39:955][  0]LogShaderLibrary: Display: ShaderCodeLibraryPakFileMountedCallback: PakFile 'C:/Program Files/Epic Games/UE_4.27/FeaturePacks/TP_Flying.upack' (chunk index -1, root 'root:/') mounted
[2022.01.13-18.15.39:955][  0]LogShaderLibrary: Display: ShaderCodeLibraryPakFileMountedCallback: pending pak file info (ChunkID:-1 Root:root:/ File:C:/Program Files/Epic Games/UE_4.27/FeaturePacks/TP_Flying.upack)
[2022.01.13-18.15.39:955][  0]LogPakFile: OnPakFileMounted2Time == 0.000040
[2022.01.13-18.15.39:959][  0]LogPakFile: PakFile PrimaryIndexSize=184
[2022.01.13-18.15.39:959][  0]LogPakFile: PakFile PathHashIndexSize=101
[2022.01.13-18.15.39:959][  0]LogPakFile: PakFile FullDirectoryIndexSize=142
[2022.01.13-18.15.39:959][  0]LogShaderLibrary: Display: ShaderCodeLibraryPakFileMountedCallback: PakFile 'C:/Program Files/Epic Games/UE_4.27/FeaturePacks/TP_FlyingBP.upack' (chunk index -1, root 'root:/') mounted
[2022.01.13-18.15.39:959][  0]LogShaderLibrary: Display: ShaderCodeLibraryPakFileMountedCallback: pending pak file info (ChunkID:-1 Root:root:/ File:C:/Program Files/Epic Games/UE_4.27/FeaturePacks/TP_FlyingBP.upack)
[2022.01.13-18.15.39:959][  0]LogPakFile: OnPakFileMounted2Time == 0.000040
[2022.01.13-18.15.39:963][  0]LogPakFile: PakFile PrimaryIndexSize=188
[2022.01.13-18.15.39:963][  0]LogPakFile: PakFile PathHashIndexSize=101
[2022.01.13-18.15.39:963][  0]LogPakFile: PakFile FullDirectoryIndexSize=150
[2022.01.13-18.15.39:963][  0]LogShaderLibrary: Display: ShaderCodeLibraryPakFileMountedCallback: PakFile 'C:/Program Files/Epic Games/UE_4.27/FeaturePacks/TP_HandheldARBP.upack' (chunk index -1, root 'root:/') mounted
[2022.01.13-18.15.39:963][  0]LogShaderLibrary: Display: ShaderCodeLibraryPakFileMountedCallback: pending pak file info (ChunkID:-1 Root:root:/ File:C:/Program Files/Epic Games/UE_4.27/FeaturePacks/TP_HandheldARBP.upack)
[2022.01.13-18.15.39:963][  0]LogPakFile: OnPakFileMounted2Time == 0.000037
[2022.01.13-18.15.39:967][  0]LogPakFile: PakFile PrimaryIndexSize=182
[2022.01.13-18.15.39:967][  0]LogPakFile: PakFile PathHashIndexSize=101
[2022.01.13-18.15.39:967][  0]LogPakFile: PakFile FullDirectoryIndexSize=138
[2022.01.13-18.15.39:967][  0]LogShaderLibrary: Display: ShaderCodeLibraryPakFileMountedCallback: PakFile 'C:/Program Files/Epic Games/UE_4.27/FeaturePacks/TP_Puzzle.upack' (chunk index -1, root 'root:/') mounted
[2022.01.13-18.15.39:967][  0]LogShaderLibrary: Display: ShaderCodeLibraryPakFileMountedCallback: pending pak file info (ChunkID:-1 Root:root:/ File:C:/Program Files/Epic Games/UE_4.27/FeaturePacks/TP_Puzzle.upack)
[2022.01.13-18.15.39:967][  0]LogPakFile: OnPakFileMounted2Time == 0.000045
[2022.01.13-18.15.39:971][  0]LogPakFile: PakFile PrimaryIndexSize=184
[2022.01.13-18.15.39:971][  0]LogPakFile: PakFile PathHashIndexSize=101
[2022.01.13-18.15.39:971][  0]LogPakFile: PakFile FullDirectoryIndexSize=142
[2022.01.13-18.15.39:972][  0]LogShaderLibrary: Display: ShaderCodeLibraryPakFileMountedCallback: PakFile 'C:/Program Files/Epic Games/UE_4.27/FeaturePacks/TP_PuzzleBP.upack' (chunk index -1, root 'root:/') mounted
[2022.01.13-18.15.39:972][  0]LogShaderLibrary: Display: ShaderCodeLibraryPakFileMountedCallback: pending pak file info (ChunkID:-1 Root:root:/ File:C:/Program Files/Epic Games/UE_4.27/FeaturePacks/TP_PuzzleBP.upack)
[2022.01.13-18.15.39:972][  0]LogPakFile: OnPakFileMounted2Time == 0.000039
[2022.01.13-18.15.39:975][  0]LogPakFile: PakFile PrimaryIndexSize=183
[2022.01.13-18.15.39:975][  0]LogPakFile: PakFile PathHashIndexSize=101
[2022.01.13-18.15.39:975][  0]LogPakFile: PakFile FullDirectoryIndexSize=140
[2022.01.13-18.15.39:975][  0]LogShaderLibrary: Display: ShaderCodeLibraryPakFileMountedCallback: PakFile 'C:/Program Files/Epic Games/UE_4.27/FeaturePacks/TP_Rolling.upack' (chunk index -1, root 'root:/') mounted
[2022.01.13-18.15.39:975][  0]LogShaderLibrary: Display: ShaderCodeLibraryPakFileMountedCallback: pending pak file info (ChunkID:-1 Root:root:/ File:C:/Program Files/Epic Games/UE_4.27/FeaturePacks/TP_Rolling.upack)
[2022.01.13-18.15.39:975][  0]LogPakFile: OnPakFileMounted2Time == 0.000041
[2022.01.13-18.15.39:979][  0]LogPakFile: PakFile PrimaryIndexSize=185
[2022.01.13-18.15.39:979][  0]LogPakFile: PakFile PathHashIndexSize=101
[2022.01.13-18.15.39:979][  0]LogPakFile: PakFile FullDirectoryIndexSize=144
[2022.01.13-18.15.39:979][  0]LogShaderLibrary: Display: ShaderCodeLibraryPakFileMountedCallback: PakFile 'C:/Program Files/Epic Games/UE_4.27/FeaturePacks/TP_RollingBP.upack' (chunk index -1, root 'root:/') mounted
[2022.01.13-18.15.39:979][  0]LogShaderLibrary: Display: ShaderCodeLibraryPakFileMountedCallback: pending pak file info (ChunkID:-1 Root:root:/ File:C:/Program Files/Epic Games/UE_4.27/FeaturePacks/TP_RollingBP.upack)
[2022.01.13-18.15.39:979][  0]LogPakFile: OnPakFileMounted2Time == 0.000037
[2022.01.13-18.15.39:982][  0]LogPakFile: PakFile PrimaryIndexSize=188
[2022.01.13-18.15.39:982][  0]LogPakFile: PakFile PathHashIndexSize=101
[2022.01.13-18.15.39:982][  0]LogPakFile: PakFile FullDirectoryIndexSize=150
[2022.01.13-18.15.39:982][  0]LogShaderLibrary: Display: ShaderCodeLibraryPakFileMountedCallback: PakFile 'C:/Program Files/Epic Games/UE_4.27/FeaturePacks/TP_SideScroller.upack' (chunk index -1, root 'root:/') mounted
[2022.01.13-18.15.39:982][  0]LogShaderLibrary: Display: ShaderCodeLibraryPakFileMountedCallback: pending pak file info (ChunkID:-1 Root:root:/ File:C:/Program Files/Epic Games/UE_4.27/FeaturePacks/TP_SideScroller.upack)
[2022.01.13-18.15.39:982][  0]LogPakFile: OnPakFileMounted2Time == 0.000036
[2022.01.13-18.15.39:986][  0]LogPakFile: PakFile PrimaryIndexSize=190
[2022.01.13-18.15.39:986][  0]LogPakFile: PakFile PathHashIndexSize=101
[2022.01.13-18.15.39:986][  0]LogPakFile: PakFile FullDirectoryIndexSize=154
[2022.01.13-18.15.39:986][  0]LogShaderLibrary: Display: ShaderCodeLibraryPakFileMountedCallback: PakFile 'C:/Program Files/Epic Games/UE_4.27/FeaturePacks/TP_SideScrollerBP.upack' (chunk index -1, root 'root:/') mounted
[2022.01.13-18.15.39:986][  0]LogShaderLibrary: Display: ShaderCodeLibraryPakFileMountedCallback: pending pak file info (ChunkID:-1 Root:root:/ File:C:/Program Files/Epic Games/UE_4.27/FeaturePacks/TP_SideScrollerBP.upack)
[2022.01.13-18.15.39:986][  0]LogPakFile: OnPakFileMounted2Time == 0.000035
[2022.01.13-18.15.39:989][  0]LogPakFile: PakFile PrimaryIndexSize=187
[2022.01.13-18.15.39:989][  0]LogPakFile: PakFile PathHashIndexSize=101
[2022.01.13-18.15.39:989][  0]LogPakFile: PakFile FullDirectoryIndexSize=148
[2022.01.13-18.15.39:989][  0]LogShaderLibrary: Display: ShaderCodeLibraryPakFileMountedCallback: PakFile 'C:/Program Files/Epic Games/UE_4.27/FeaturePacks/TP_ThirdPerson.upack' (chunk index -1, root 'root:/') mounted
[2022.01.13-18.15.39:989][  0]LogShaderLibrary: Display: ShaderCodeLibraryPakFileMountedCallback: pending pak file info (ChunkID:-1 Root:root:/ File:C:/Program Files/Epic Games/UE_4.27/FeaturePacks/TP_ThirdPerson.upack)
[2022.01.13-18.15.39:989][  0]LogPakFile: OnPakFileMounted2Time == 0.000036
[2022.01.13-18.15.39:992][  0]LogPakFile: PakFile PrimaryIndexSize=189
[2022.01.13-18.15.39:992][  0]LogPakFile: PakFile PathHashIndexSize=101
[2022.01.13-18.15.39:992][  0]LogPakFile: PakFile FullDirectoryIndexSize=152
[2022.01.13-18.15.39:993][  0]LogShaderLibrary: Display: ShaderCodeLibraryPakFileMountedCallback: PakFile 'C:/Program Files/Epic Games/UE_4.27/FeaturePacks/TP_ThirdPersonBP.upack' (chunk index -1, root 'root:/') mounted
[2022.01.13-18.15.39:993][  0]LogShaderLibrary: Display: ShaderCodeLibraryPakFileMountedCallback: pending pak file info (ChunkID:-1 Root:root:/ File:C:/Program Files/Epic Games/UE_4.27/FeaturePacks/TP_ThirdPersonBP.upack)
[2022.01.13-18.15.39:993][  0]LogPakFile: OnPakFileMounted2Time == 0.000039
[2022.01.13-18.15.39:996][  0]LogPakFile: PakFile PrimaryIndexSize=183
[2022.01.13-18.15.39:996][  0]LogPakFile: PakFile PathHashIndexSize=101
[2022.01.13-18.15.39:996][  0]LogPakFile: PakFile FullDirectoryIndexSize=140
[2022.01.13-18.15.39:996][  0]LogShaderLibrary: Display: ShaderCodeLibraryPakFileMountedCallback: PakFile 'C:/Program Files/Epic Games/UE_4.27/FeaturePacks/TP_TopDown.upack' (chunk index -1, root 'root:/') mounted
[2022.01.13-18.15.39:996][  0]LogShaderLibrary: Display: ShaderCodeLibraryPakFileMountedCallback: pending pak file info (ChunkID:-1 Root:root:/ File:C:/Program Files/Epic Games/UE_4.27/FeaturePacks/TP_TopDown.upack)
[2022.01.13-18.15.39:996][  0]LogPakFile: OnPakFileMounted2Time == 0.000043
[2022.01.13-18.15.39:999][  0]LogPakFile: PakFile PrimaryIndexSize=185
[2022.01.13-18.15.39:999][  0]LogPakFile: PakFile PathHashIndexSize=101
[2022.01.13-18.15.39:999][  0]LogPakFile: PakFile FullDirectoryIndexSize=144
[2022.01.13-18.15.39:999][  0]LogShaderLibrary: Display: ShaderCodeLibraryPakFileMountedCallback: PakFile 'C:/Program Files/Epic Games/UE_4.27/FeaturePacks/TP_TopDownBP.upack' (chunk index -1, root 'root:/') mounted
[2022.01.13-18.15.39:999][  0]LogShaderLibrary: Display: ShaderCodeLibraryPakFileMountedCallback: pending pak file info (ChunkID:-1 Root:root:/ File:C:/Program Files/Epic Games/UE_4.27/FeaturePacks/TP_TopDownBP.upack)
[2022.01.13-18.15.39:999][  0]LogPakFile: OnPakFileMounted2Time == 0.000036
[2022.01.13-18.15.40:005][  0]LogPakFile: PakFile PrimaryIndexSize=185
[2022.01.13-18.15.40:005][  0]LogPakFile: PakFile PathHashIndexSize=101
[2022.01.13-18.15.40:005][  0]LogPakFile: PakFile FullDirectoryIndexSize=144
[2022.01.13-18.15.40:005][  0]LogShaderLibrary: Display: ShaderCodeLibraryPakFileMountedCallback: PakFile 'C:/Program Files/Epic Games/UE_4.27/FeaturePacks/TP_TwinStick.upack' (chunk index -1, root 'root:/') mounted
[2022.01.13-18.15.40:005][  0]LogShaderLibrary: Display: ShaderCodeLibraryPakFileMountedCallback: pending pak file info (ChunkID:-1 Root:root:/ File:C:/Program Files/Epic Games/UE_4.27/FeaturePacks/TP_TwinStick.upack)
[2022.01.13-18.15.40:005][  0]LogPakFile: OnPakFileMounted2Time == 0.000037
[2022.01.13-18.15.40:008][  0]LogPakFile: PakFile PrimaryIndexSize=187
[2022.01.13-18.15.40:008][  0]LogPakFile: PakFile PathHashIndexSize=101
[2022.01.13-18.15.40:008][  0]LogPakFile: PakFile FullDirectoryIndexSize=148
[2022.01.13-18.15.40:008][  0]LogShaderLibrary: Display: ShaderCodeLibraryPakFileMountedCallback: PakFile 'C:/Program Files/Epic Games/UE_4.27/FeaturePacks/TP_TwinStickBP.upack' (chunk index -1, root 'root:/') mounted
[2022.01.13-18.15.40:008][  0]LogShaderLibrary: Display: ShaderCodeLibraryPakFileMountedCallback: pending pak file info (ChunkID:-1 Root:root:/ File:C:/Program Files/Epic Games/UE_4.27/FeaturePacks/TP_TwinStickBP.upack)
[2022.01.13-18.15.40:009][  0]LogPakFile: OnPakFileMounted2Time == 0.000040
[2022.01.13-18.15.40:012][  0]LogPakFile: PakFile PrimaryIndexSize=183
[2022.01.13-18.15.40:012][  0]LogPakFile: PakFile PathHashIndexSize=101
[2022.01.13-18.15.40:012][  0]LogPakFile: PakFile FullDirectoryIndexSize=140
[2022.01.13-18.15.40:012][  0]LogShaderLibrary: Display: ShaderCodeLibraryPakFileMountedCallback: PakFile 'C:/Program Files/Epic Games/UE_4.27/FeaturePacks/TP_Vehicle.upack' (chunk index -1, root 'root:/') mounted
[2022.01.13-18.15.40:012][  0]LogShaderLibrary: Display: ShaderCodeLibraryPakFileMountedCallback: pending pak file info (ChunkID:-1 Root:root:/ File:C:/Program Files/Epic Games/UE_4.27/FeaturePacks/TP_Vehicle.upack)
[2022.01.13-18.15.40:012][  0]LogPakFile: OnPakFileMounted2Time == 0.000037
[2022.01.13-18.15.40:016][  0]LogPakFile: PakFile PrimaryIndexSize=186
[2022.01.13-18.15.40:016][  0]LogPakFile: PakFile PathHashIndexSize=101
[2022.01.13-18.15.40:016][  0]LogPakFile: PakFile FullDirectoryIndexSize=146
[2022.01.13-18.15.40:016][  0]LogShaderLibrary: Display: ShaderCodeLibraryPakFileMountedCallback: PakFile 'C:/Program Files/Epic Games/UE_4.27/FeaturePacks/TP_VehicleAdv.upack' (chunk index -1, root 'root:/') mounted
[2022.01.13-18.15.40:016][  0]LogShaderLibrary: Display: ShaderCodeLibraryPakFileMountedCallback: pending pak file info (ChunkID:-1 Root:root:/ File:C:/Program Files/Epic Games/UE_4.27/FeaturePacks/TP_VehicleAdv.upack)
[2022.01.13-18.15.40:016][  0]LogPakFile: OnPakFileMounted2Time == 0.000036
[2022.01.13-18.15.40:019][  0]LogPakFile: PakFile PrimaryIndexSize=188
[2022.01.13-18.15.40:019][  0]LogPakFile: PakFile PathHashIndexSize=101
[2022.01.13-18.15.40:019][  0]LogPakFile: PakFile FullDirectoryIndexSize=150
[2022.01.13-18.15.40:019][  0]LogShaderLibrary: Display: ShaderCodeLibraryPakFileMountedCallback: PakFile 'C:/Program Files/Epic Games/UE_4.27/FeaturePacks/TP_VehicleAdvBP.upack' (chunk index -1, root 'root:/') mounted
[2022.01.13-18.15.40:019][  0]LogShaderLibrary: Display: ShaderCodeLibraryPakFileMountedCallback: pending pak file info (ChunkID:-1 Root:root:/ File:C:/Program Files/Epic Games/UE_4.27/FeaturePacks/TP_VehicleAdvBP.upack)
[2022.01.13-18.15.40:019][  0]LogPakFile: OnPakFileMounted2Time == 0.000035
[2022.01.13-18.15.40:022][  0]LogPakFile: PakFile PrimaryIndexSize=185
[2022.01.13-18.15.40:022][  0]LogPakFile: PakFile PathHashIndexSize=101
[2022.01.13-18.15.40:022][  0]LogPakFile: PakFile FullDirectoryIndexSize=144
[2022.01.13-18.15.40:022][  0]LogShaderLibrary: Display: ShaderCodeLibraryPakFileMountedCallback: PakFile 'C:/Program Files/Epic Games/UE_4.27/FeaturePacks/TP_VehicleBP.upack' (chunk index -1, root 'root:/') mounted
[2022.01.13-18.15.40:022][  0]LogShaderLibrary: Display: ShaderCodeLibraryPakFileMountedCallback: pending pak file info (ChunkID:-1 Root:root:/ File:C:/Program Files/Epic Games/UE_4.27/FeaturePacks/TP_VehicleBP.upack)
[2022.01.13-18.15.40:022][  0]LogPakFile: OnPakFileMounted2Time == 0.000040
[2022.01.13-18.15.40:025][  0]LogPakFile: PakFile PrimaryIndexSize=192
[2022.01.13-18.15.40:025][  0]LogPakFile: PakFile PathHashIndexSize=101
[2022.01.13-18.15.40:025][  0]LogPakFile: PakFile FullDirectoryIndexSize=158
[2022.01.13-18.15.40:025][  0]LogShaderLibrary: Display: ShaderCodeLibraryPakFileMountedCallback: PakFile 'C:/Program Files/Epic Games/UE_4.27/FeaturePacks/TP_VirtualRealityBP.upack' (chunk index -1, root 'root:/') mounted
[2022.01.13-18.15.40:025][  0]LogShaderLibrary: Display: ShaderCodeLibraryPakFileMountedCallback: pending pak file info (ChunkID:-1 Root:root:/ File:C:/Program Files/Epic Games/UE_4.27/FeaturePacks/TP_VirtualRealityBP.upack)
[2022.01.13-18.15.40:025][  0]LogPakFile: OnPakFileMounted2Time == 0.000038
[2022.01.13-18.15.40:137][  0]LogNativeClassHierarchy: Verbose: Native class hierarchy updated for 'AddContentDialog' in 0.0003 seconds. Added 0 classes and 0 folders.
[2022.01.13-18.15.40:154][  0]LogNativeClassHierarchy: Verbose: Native class hierarchy updated for 'SceneOutliner' in 0.0002 seconds. Added 2 classes and 0 folders.
[2022.01.13-18.15.40:158][  0]LogSlate: The tab "/Game/UltraDynamicSky/Blueprints/README.README_ActiveTab" attempted to spawn in layout 'LevelEditor_Layout_v1.2' but failed for some reason. It will not be displayed.
[2022.01.13-18.15.40:347][  0]LogSlate: Took 0.003771 seconds to synchronously load lazily loaded font '../../../Engine/Content/Editor/Slate/Fonts/FontAwesome.ttf' (139K)
[2022.01.13-18.15.40:351][  0]LogSlate: Took 0.002754 seconds to synchronously load lazily loaded font '../../../Engine/Content/Slate/Fonts/Roboto-Bold.ttf' (160K)
[2022.01.13-18.15.40:431][  0]LogRenderer: Reallocating scene render targets to support 1348x576 Format 10 NumSamples 1 (Frame:1).
[2022.01.13-18.15.40:927][  0]LogSlate: Took 0.003721 seconds to synchronously load lazily loaded font '../../../Engine/Content/Slate/Fonts/Roboto-Light.ttf' (167K)
[2022.01.13-18.15.41:025][  0]LogNativeClassHierarchy: Verbose: Native class hierarchy updated for 'HierarchicalLODOutliner' in 0.0003 seconds. Added 0 classes and 0 folders.
[2022.01.13-18.15.41:026][  0]LogLoad: (Engine Initialization) Total time: 39.48 seconds
[2022.01.13-18.15.41:026][  0]LogLoad: (Engine Initialization) Total Blueprint compile time: 0.00 seconds
[2022.01.13-18.15.41:603][  0]LogContentStreaming: Texture pool size now 1000 MB
[2022.01.13-18.15.41:981][  2]LogAssetRegistry: Asset discovery search completed in 34.1538 seconds
[2022.01.13-18.15.42:002][  2]LogCollectionManager: Fixed up redirectors for 0 collections in 0.000003 seconds (updated 0 objects)
[2022.01.13-18.15.42:334][ 17]SourceControl: fatal: C:/Program Files/Epic Games/UE_4.27/Engine/Plugins/Experimental/AlembicImporter/Source/AlembicLibrary/Public: 'C:/Program Files/Epic Games/UE_4.27/Engine/Plugins/Experimental/AlembicImporter/Source/AlembicLibrary/Public' is outside repository at 'C:/Users/Owner/Documents/Unreal Projects/EasySurvivalRPGv3'
[2022.01.13-18.15.42:334][ 17]SourceControl: fatal: C:/Program Files/Epic Games/UE_4.27/Engine/Source/Runtime/NavigationSystem/Public/AbstractNavData.h: 'C:/Program Files/Epic Games/UE_4.27/Engine/Source/Runtime/NavigationSystem/Public/AbstractNavData.h' is outside repository at 'C:/Users/Owner/Documents/Unreal Projects/EasySurvivalRPGv3'
[2022.01.13-18.15.42:334][ 17]SourceControl: fatal: C:/Program Files/Epic Games/UE_4.27/Engine/Plugins/Online/OnlineSubsystemUtils/Source/OnlineSubsystemUtils/Classes: 'C:/Program Files/Epic Games/UE_4.27/Engine/Plugins/Online/OnlineSubsystemUtils/Source/OnlineSubsystemUtils/Classes' is outside repository at 'C:/Users/Owner/Documents/Unreal Projects/EasySurvivalRPGv3'
[2022.01.13-18.15.42:334][ 17]SourceControl: fatal: C:/Program Files/Epic Games/UE_4.27/Engine/Source/Runtime/Engine/Classes/GameFramework/Actor.h: 'C:/Program Files/Epic Games/UE_4.27/Engine/Source/Runtime/Engine/Classes/GameFramework/Actor.h' is outside repository at 'C:/Users/Owner/Documents/Unreal Projects/EasySurvivalRPGv3'
[2022.01.13-18.15.42:334][ 17]SourceControl: fatal: C:/Program Files/Epic Games/UE_4.27/Engine/Source/Editor/Blutility/Classes/ActorActionUtility.h: 'C:/Program Files/Epic Games/UE_4.27/Engine/Source/Editor/Blutility/Classes/ActorActionUtility.h' is outside repository at 'C:/Users/Owner/Documents/Unreal Projects/EasySurvivalRPGv3'
[2022.01.13-18.15.42:334][ 17]SourceControl: fatal: C:/Program Files/Epic Games/UE_4.27/Engine/Source/Runtime/Engine/Classes/Engine/ActorChannel.h: 'C:/Program Files/Epic Games/UE_4.27/Engine/Source/Runtime/Engine/Classes/Engine/ActorChannel.h' is outside repository at 'C:/Users/Owner/Documents/Unreal Projects/EasySurvivalRPGv3'
[2022.01.13-18.15.42:334][ 17]SourceControl: fatal: C:/Program Files/Epic Games/UE_4.27/Engine/Source/Runtime/Engine/Classes/Components/ActorComponent.h: 'C:/Program Files/Epic Games/UE_4.27/Engine/Source/Runtime/Engine/Classes/Components/ActorComponent.h' is outside repository at 'C:/Users/Owner/Documents/Unreal Projects/EasySurvivalRPGv3'
[2022.01.13-18.15.42:334][ 17]SourceControl: fatal: C:/Program Files/Epic Games/UE_4.27/Engine/Source/Runtime/Engine/Public/ComponentInstanceDataCache.h: 'C:/Program Files/Epic Games/UE_4.27/Engine/Source/Runtime/Engine/Public/ComponentInstanceDataCache.h' is outside repository at 'C:/Users/Owner/Documents/Unreal Projects/EasySurvivalRPGv3'
[2022.01.13-18.15.42:334][ 17]SourceControl: fatal: C:/Program Files/Epic Games/UE_4.27/Engine/Source/Editor/UnrealEd/Classes/ActorFactories: 'C:/Program Files/Epic Games/UE_4.27/Engine/Source/Editor/UnrealEd/Classes/ActorFactories' is outside repository at 'C:/Users/Owner/Documents/Unreal Projects/EasySurvivalRPGv3'
[2022.01.13-18.15.42:334][ 17]SourceControl: fatal: C:/Program Files/Epic Games/UE_4.27/Engine/Plugins/Experimental/ChaosSolverPlugin/Source/ChaosSolverEditor/Private/Chaos/ActorFactoryChaosSolver.h: 'C:/Program Files/Epic Games/UE_4.27/Engine/Plugins/Experimental/ChaosSolverPlugin/Source/ChaosSolverEditor/Private/Chaos/ActorFactoryChaosSolver.h' is outside repository at 'C:/Users/Owner/Documents/Unreal Projects/EasySurvivalRPGv3'
[2022.01.13-18.15.42:334][ 17]SourceControl: fatal: C:/Program Files/Epic Games/UE_4.27/Engine/Plugins/Runtime/ApexDestruction/Source/ApexDestructionEditor/Private/ActorFactoryDestructible.h: 'C:/Program Files/Epic Games/UE_4.27/Engine/Plugins/Runtime/ApexDestruction/Source/ApexDestructionEditor/Private/ActorFactoryDestructible.h' is outside repository at 'C:/Users/Owner/Documents/Unreal Projects/EasySurvivalRPGv3'
[2022.01.13-18.15.42:334][ 17]SourceControl: fatal: C:/Program Files/Epic Games/UE_4.27/Engine/Plugins/Experimental/GeometryCache/Source/GeometryCacheEd/Classes/ActorFactoryGeometryCache.h: 'C:/Program Files/Epic Games/UE_4.27/Engine/Plugins/Experimental/GeometryCache/Source/GeometryCacheEd/Classes/ActorFactoryGeometryCache.h' is outside repository at 'C:/Users/Owner/Documents/Unreal Projects/EasySurvivalRPGv3'
[2022.01.13-18.15.42:334][ 17]SourceControl: fatal: C:/Program Files/Epic Games/UE_4.27/Engine/Plugins/Experimental/GeometryCollectionPlugin/Source/GeometryCollectionEditor/Private/GeometryCollection/ActorFactoryGeometryCollection.h: 'C:/Program Files/Epic Games/UE_4.27/Engine/Plugins/Experimental/GeometryCollectionPlugin/Source/GeometryCollectionEditor/Private/GeometryCollection/ActorFactoryGeometryCollection.h' is outside repository at 'C:/Users/Owner/Documents/Unreal Projects/EasySurvivalRPGv3'
[2022.01.13-18.15.42:334][ 17]SourceControl: fatal: C:/Program Files/Epic Games/UE_4.27/Engine/Source/Editor/LandscapeEditor/Private/Classes/ActorFactoryLandscape.h: 'C:/Program Files/Epic Games/UE_4.27/Engine/Source/Editor/LandscapeEditor/Private/Classes/ActorFactoryLandscape.h' is outside repository at 'C:/Users/Owner/Documents/Unreal Projects/EasySurvivalRPGv3'
[2022.01.13-18.15.42:334][ 17]SourceControl: fatal: C:/Program Files/Epic Games/UE_4.27/Engine/Source/Editor/UnrealEd/Private/Factories/ActorFactoryLevelSequence.h: 'C:/Program Files/Epic Games/UE_4.27/Engine/Source/Editor/UnrealEd/Private/Factories/ActorFactoryLevelSequence.h' is outside repository at 'C:/Users/Owner/Documents/Unreal Projects/EasySurvivalRPGv3'
[2022.01.13-18.15.42:334][ 17]SourceControl: fatal: C:/Program Files/Epic Games/UE_4.27/Engine/Plugins/FX/Niagara/Source/NiagaraEditor/Public/ActorFactoryNiagara.h: 'C:/Program Files/Epic Games/UE_4.27/Engine/Plugins/FX/Niagara/Source/NiagaraEditor/Public/ActorFactoryNiagara.h' is outside repository at 'C:/Users/Owner/Documents/Unreal Projects/EasySurvivalRPGv3'
